Using pre-set license
Built from '2021.2/staging' branch; Version is '2021.2.7f1 (6bd9e232123f) revision 7068130'; Using compiler version '192829333'; Build Type 'Release'
OS: 'Windows 10  (10.0.19043) 64bit Professional' Language: 'fr' Physical Memory: 24489 MB
BatchMode: 1, IsHumanControllingUs: 0, StartBugReporterOnCrash: 0, Is64bit: 1, IsPro: 0

COMMAND LINE ARGUMENTS:
C:\Program Files\Unity\Hub\Editor\2021.2.7f1\Editor\Unity.exe
-adb2
-batchMode
-noUpm
-name
AssetImportWorker5
-projectPath
C:/Users/Raf/Documents/Projet 4A3DJV/CardGameAR/CardGame
-logFile
Logs/AssetImportWorker5.log
-srvPort
62631
Successfully changed project path to: C:/Users/Raf/Documents/Projet 4A3DJV/CardGameAR/CardGame
C:/Users/Raf/Documents/Projet 4A3DJV/CardGameAR/CardGame
[UnityMemory] Configuration Parameters - Can be set up in boot.config
    "memorysetup-bucket-allocator-granularity=16"
    "memorysetup-bucket-allocator-bucket-count=8"
    "memorysetup-bucket-allocator-block-size=33554432"
    "memorysetup-bucket-allocator-block-count=8"
    "memorysetup-main-allocator-block-size=16777216"
    "memorysetup-thread-allocator-block-size=16777216"
    "memorysetup-gfx-main-allocator-block-size=16777216"
    "memorysetup-gfx-thread-allocator-block-size=16777216"
    "memorysetup-cache-allocator-block-size=4194304"
    "memorysetup-typetree-allocator-block-size=2097152"
    "memorysetup-profiler-bucket-allocator-granularity=16"
    "memorysetup-profiler-bucket-allocator-bucket-count=8"
    "memorysetup-profiler-bucket-allocator-block-size=33554432"
    "memorysetup-profiler-bucket-allocator-block-count=8"
    "memorysetup-profiler-allocator-block-size=16777216"
    "memorysetup-profiler-editor-allocator-block-size=1048576"
    "memorysetup-temp-allocator-size-main=16777216"
    "memorysetup-job-temp-allocator-block-size=2097152"
    "memorysetup-job-temp-allocator-block-size-background=1048576"
    "memorysetup-job-temp-allocator-reduction-small-platforms=262144"
    "memorysetup-temp-allocator-size-background-worker=32768"
    "memorysetup-temp-allocator-size-job-worker=262144"
    "memorysetup-temp-allocator-size-preload-manager=33554432"
    "memorysetup-temp-allocator-size-nav-mesh-worker=65536"
    "memorysetup-temp-allocator-size-audio-worker=65536"
    "memorysetup-temp-allocator-size-cloud-worker=32768"
    "memorysetup-temp-allocator-size-gi-baking-worker=262144"
    "memorysetup-temp-allocator-size-gfx=262144"
Refreshing native plugins compatible for Editor in 65.53 ms, found 3 plugins.
Preloading 0 native plugins for Editor in 0.00 ms.
Initialize engine version: 2021.2.7f1 (6bd9e232123f)
[Subsystems] Discovering subsystems at path C:/Program Files/Unity/Hub/Editor/2021.2.7f1/Editor/Data/Resources/UnitySubsystems
[Subsystems] Discovering subsystems at path C:/Users/Raf/Documents/Projet 4A3DJV/CardGameAR/CardGame/Assets
GfxDevice: creating device client; threaded=0; jobified=0
Direct3D:
    Version:  Direct3D 11.0 [level 11.1]
    Renderer: NVIDIA GeForce GTX 1060 6GB (ID=0x1c03)
    Vendor:   NVIDIA
    VRAM:     6052 MB
    Driver:   30.0.15.1179
Initialize mono
Mono path[0] = 'C:/Program Files/Unity/Hub/Editor/2021.2.7f1/Editor/Data/Managed'
Mono path[1] = 'C:/Program Files/Unity/Hub/Editor/2021.2.7f1/Editor/Data/MonoBleedingEdge/lib/mono/unityjit-win32'
Mono config path = 'C:/Program Files/Unity/Hub/Editor/2021.2.7f1/Editor/Data/MonoBleedingEdge/etc'
Using monoOptions --debugger-agent=transport=dt_socket,embedding=1,server=y,suspend=n,address=127.0.0.1:56428
Begin MonoManager ReloadAssembly
Registering precompiled unity dll's ...
Register platform support module: C:/Program Files/Unity/Hub/Editor/2021.2.7f1/Editor/Data/PlaybackEngines/WindowsStandaloneSupport/UnityEditor.WindowsStandalone.Extensions.dll
Registered in 0.005606 seconds.
Native extension for WindowsStandalone target not found
Refreshing native plugins compatible for Editor in 65.56 ms, found 3 plugins.
Preloading 0 native plugins for Editor in 0.00 ms.
Mono: successfully reloaded assembly
- Completed reload, in  0.533 seconds
Domain Reload Profiling:
	ReloadAssembly (534ms)
		BeginReloadAssembly (60ms)
			ExecutionOrderSort (0ms)
			DisableScriptedObjects (0ms)
			BackupInstance (0ms)
			ReleaseScriptingObjects (0ms)
			CreateAndSetChildDomain (1ms)
		EndReloadAssembly (406ms)
			LoadAssemblies (58ms)
			RebuildTransferFunctionScriptingTraits (0ms)
			SetupTypeCache (85ms)
			ReleaseScriptCaches (0ms)
			RebuildScriptCaches (24ms)
			SetupLoadedEditorAssemblies (249ms)
				LogAssemblyErrors (0ms)
				InitializePlatformSupportModulesInManaged (13ms)
				SetLoadedEditorAssemblies (0ms)
				RefreshPlugins (66ms)
				BeforeProcessingInitializeOnLoad (1ms)
				ProcessInitializeOnLoadAttributes (123ms)
				ProcessInitializeOnLoadMethodAttributes (46ms)
				AfterProcessingInitializeOnLoad (0ms)
				EditorAssembliesLoaded (0ms)
			ExecutionOrderSort2 (0ms)
			AwakeInstancesAfterBackupRestoration (0ms)
Platform modules already initialized, skipping
Registering precompiled user dll's ...
Registered in 0.004679 seconds.
Begin MonoManager ReloadAssembly
Symbol file LoadedFromMemory doesn't match image C:\Users\Raf\Documents\Projet 4A3DJV\CardGameAR\CardGame\Library\PackageCache\com.unity.visualscripting@1.7.6\Editor\VisualScripting.Core\Dependencies\YamlDotNet\Unity.VisualScripting.YamlDotNet.dll
Symbol file LoadedFromMemory doesn't match image C:\Users\Raf\Documents\Projet 4A3DJV\CardGameAR\CardGame\Library\PackageCache\com.unity.visualscripting@1.7.6\Editor\VisualScripting.Core\Dependencies\DotNetZip\Unity.VisualScripting.IonicZip.dll
Native extension for WindowsStandalone target not found
Refreshing native plugins compatible for Editor in 0.51 ms, found 3 plugins.
Preloading 0 native plugins for Editor in 0.00 ms.
Mono: successfully reloaded assembly
- Completed reload, in  0.815 seconds
Domain Reload Profiling:
	ReloadAssembly (816ms)
		BeginReloadAssembly (88ms)
			ExecutionOrderSort (0ms)
			DisableScriptedObjects (5ms)
			BackupInstance (0ms)
			ReleaseScriptingObjects (0ms)
			CreateAndSetChildDomain (15ms)
		EndReloadAssembly (648ms)
			LoadAssemblies (60ms)
			RebuildTransferFunctionScriptingTraits (0ms)
			SetupTypeCache (212ms)
			ReleaseScriptCaches (1ms)
			RebuildScriptCaches (42ms)
			SetupLoadedEditorAssemblies (301ms)
				LogAssemblyErrors (0ms)
				InitializePlatformSupportModulesInManaged (10ms)
				SetLoadedEditorAssemblies (0ms)
				RefreshPlugins (1ms)
				BeforeProcessingInitializeOnLoad (69ms)
				ProcessInitializeOnLoadAttributes (196ms)
				ProcessInitializeOnLoadMethodAttributes (19ms)
				AfterProcessingInitializeOnLoad (7ms)
				EditorAssembliesLoaded (0ms)
			ExecutionOrderSort2 (0ms)
			AwakeInstancesAfterBackupRestoration (5ms)
Platform modules already initialized, skipping
========================================================================
Worker process is ready to serve import requests
Launched and connected shader compiler UnityShaderCompiler.exe after 0.06 seconds
Refreshing native plugins compatible for Editor in 0.48 ms, found 3 plugins.
Preloading 0 native plugins for Editor in 0.00 ms.
Unloading 3235 Unused Serialized files (Serialized files now loaded: 0)
Unloading 24 unused Assets / (56.3 KB). Loaded Objects now: 3695.
Memory consumption went from 114.6 MB to 114.5 MB.
Total: 2.519100 ms (FindLiveObjects: 0.257000 ms CreateObjectMapping: 0.172600 ms MarkObjects: 2.032500 ms  DeleteObjects: 0.056200 ms)

AssetImportParameters requested are different than current active one (requested -> active):
  custom:video-decoder-ogg-theora: a1e56fd34408186e4bbccfd4996cb3dc -> 
  custom:container-muxer-webm: aa71ff27fc2769a1b78a27578f13a17b -> 
  custom:container-demuxer-webm: 4f35f7cbe854078d1ac9338744f61a02 -> 
  custom:video-encoder-webm-vp8: eb34c28f22e8b96e1ab97ce403110664 -> 
  custom:audio-encoder-webm-vorbis: bf7c407c2cedff20999df2af8eb42d56 -> 
  custom:framework-win-MediaFoundation: 216162199b28c13a410421893ffa2e32 -> 
  custom:container-demuxer-ogg: 62fdf1f143b41e24485cea50d1cbac27 -> 
  custom:video-decoder-webm-vp8: 9c59270c3fd7afecdb556c50c9e8de78 -> 
  custom:audio-decoder-ogg-vorbis: bf7c407c2cedff20999df2af8eb42d56 -> 
========================================================================
Received Import Request.
  Time since last request: 18081.858970 seconds.
  path: Assets/Editor/Vuforia/ImageTargetTextures/YGE/t2_scaled.jpg
  artifactKey: Guid(a58563ae295844e4a6d1c2fe0e846d82) Importer(815301076,1909f56bfc062723c751e8b465ee728b)
Start importing Assets/Editor/Vuforia/ImageTargetTextures/YGE/t2_scaled.jpg using Guid(a58563ae295844e4a6d1c2fe0e846d82) Importer(815301076,1909f56bfc062723c751e8b465ee728b)  -> (artifact id: 'cfc3b834d8931bffa305a53b4fd6a3e8') in 0.096990 seconds 
========================================================================
Received Import Request.
  Time since last request: 0.000018 seconds.
  path: Assets/Editor/Vuforia/ImageTargetTextures/YGE/t7_bis_scaled.jpg
  artifactKey: Guid(14aeab439f1d4ee49b32b8550b81851b) Importer(815301076,1909f56bfc062723c751e8b465ee728b)
Start importing Assets/Editor/Vuforia/ImageTargetTextures/YGE/t7_bis_scaled.jpg using Guid(14aeab439f1d4ee49b32b8550b81851b) Importer(815301076,1909f56bfc062723c751e8b465ee728b)  -> (artifact id: 'a27bde4df75335554e3ca7f29e95ad6c') in 0.020998 seconds 
========================================================================
Received Import Request.
  Time since last request: 0.000018 seconds.
  path: Assets/Editor/Vuforia/ImageTargetTextures/YGE/t11_bis_scaled.jpg
  artifactKey: Guid(62e0a9d228744ddf91a84890af4ad0eb) Importer(815301076,1909f56bfc062723c751e8b465ee728b)
Start importing Assets/Editor/Vuforia/ImageTargetTextures/YGE/t11_bis_scaled.jpg using Guid(62e0a9d228744ddf91a84890af4ad0eb) Importer(815301076,1909f56bfc062723c751e8b465ee728b)  -> (artifact id: '1157e1905e35b976ef5468ab6f0efb94') in 0.017701 seconds 
========================================================================
Received Import Request.
  Time since last request: 0.000027 seconds.
  path: Assets/Editor/Vuforia/ImageTargetTextures/YGE/t10_scaled.jpg
  artifactKey: Guid(032763df6a914af39bcdc36a89722239) Importer(815301076,1909f56bfc062723c751e8b465ee728b)
Start importing Assets/Editor/Vuforia/ImageTargetTextures/YGE/t10_scaled.jpg using Guid(032763df6a914af39bcdc36a89722239) Importer(815301076,1909f56bfc062723c751e8b465ee728b)  -> (artifact id: '4359cee1bb5aba4f56ddac618195dcc3') in 0.017527 seconds 
========================================================================
Received Import Request.
  Time since last request: 0.000025 seconds.
  path: Assets/Editor/Vuforia/ImageTargetTextures/YGE/t9_bis_scaled.jpg
  artifactKey: Guid(1f17fa1a3a0246eaad5a18edc589b4ac) Importer(815301076,1909f56bfc062723c751e8b465ee728b)
Start importing Assets/Editor/Vuforia/ImageTargetTextures/YGE/t9_bis_scaled.jpg using Guid(1f17fa1a3a0246eaad5a18edc589b4ac) Importer(815301076,1909f56bfc062723c751e8b465ee728b)  -> (artifact id: '9c8b3836ff8accb4bea35f69430b2b67') in 0.018715 seconds 
========================================================================
Received Import Request.
  Time since last request: 0.000025 seconds.
  path: Assets/Editor/Vuforia/ImageTargetTextures/YGE/t3_bis_scaled.jpg
  artifactKey: Guid(ae2c673dc1174952b5d863ed1d7cc53d) Importer(815301076,1909f56bfc062723c751e8b465ee728b)
Start importing Assets/Editor/Vuforia/ImageTargetTextures/YGE/t3_bis_scaled.jpg using Guid(ae2c673dc1174952b5d863ed1d7cc53d) Importer(815301076,1909f56bfc062723c751e8b465ee728b)  -> (artifact id: '671cf2fd720a26295b86d730c2133e3b') in 0.016507 seconds 
========================================================================
Received Import Request.
  Time since last request: 3645.689663 seconds.
  path: Assets/Images/j2.png
  artifactKey: Guid(2472939ba4d72444294fb8d2f54c2e15) Importer(815301076,1909f56bfc062723c751e8b465ee728b)
Start importing Assets/Images/j2.png using Guid(2472939ba4d72444294fb8d2f54c2e15) Importer(815301076,1909f56bfc062723c751e8b465ee728b)  -> (artifact id: '871c24f06d2514c5e00dcafea51cd7c8') in 0.026479 seconds 
========================================================================
Received Import Request.
  Time since last request: 0.815589 seconds.
  path: Assets/Images/joueur1.png
  artifactKey: Guid(806b5221e1c4bd24c912183316e359dd) Importer(815301076,1909f56bfc062723c751e8b465ee728b)
Start importing Assets/Images/joueur1.png using Guid(806b5221e1c4bd24c912183316e359dd) Importer(815301076,1909f56bfc062723c751e8b465ee728b)  -> (artifact id: '5b8f4ad798f53b68cee51a354c3856da') in 0.018193 seconds 
========================================================================
Received Import Request.
  Time since last request: 0.000017 seconds.
  path: Assets/Images/victoire.png
  artifactKey: Guid(4c0487934af9af3449652ac5f3d35645) Importer(815301076,1909f56bfc062723c751e8b465ee728b)
Start importing Assets/Images/victoire.png using Guid(4c0487934af9af3449652ac5f3d35645) Importer(815301076,1909f56bfc062723c751e8b465ee728b)  -> (artifact id: '2082b2a22f010a645960411db3003060') in 0.011525 seconds 
========================================================================
Received Import Request.
  Time since last request: 0.000015 seconds.
  path: Assets/Images/joueur2vic.png
  artifactKey: Guid(f6913aea95108da489b6ea8a627a5d13) Importer(815301076,1909f56bfc062723c751e8b465ee728b)
Start importing Assets/Images/joueur2vic.png using Guid(f6913aea95108da489b6ea8a627a5d13) Importer(815301076,1909f56bfc062723c751e8b465ee728b)  -> (artifact id: '632e1e23624cbf7bc0e997a2f8c3f84f') in 0.012519 seconds 
========================================================================
Received Import Request.
  Time since last request: 0.000016 seconds.
  path: Assets/Images/pdvj1.png
  artifactKey: Guid(b84f2e873f45b494683675acca481de9) Importer(815301076,1909f56bfc062723c751e8b465ee728b)
Start importing Assets/Images/pdvj1.png using Guid(b84f2e873f45b494683675acca481de9) Importer(815301076,1909f56bfc062723c751e8b465ee728b)  -> (artifact id: '213665512183c6baefdefc3e09837565') in 0.010381 seconds 
========================================================================
Received Import Request.
  Time since last request: 0.000018 seconds.
  path: Assets/Images/pdvj1vide.png
  artifactKey: Guid(5c063002a7ce55549b76acc8ba0e4a18) Importer(815301076,1909f56bfc062723c751e8b465ee728b)
Start importing Assets/Images/pdvj1vide.png using Guid(5c063002a7ce55549b76acc8ba0e4a18) Importer(815301076,1909f56bfc062723c751e8b465ee728b)  -> (artifact id: '0f609343c11d5592b8efba81e7e4bf51') in 0.010040 seconds 
========================================================================
Received Import Request.
  Time since last request: 0.000017 seconds.
  path: Assets/Images/pdvj2vide.png
  artifactKey: Guid(748e729002a482240844cdaadec02a9a) Importer(815301076,1909f56bfc062723c751e8b465ee728b)
Start importing Assets/Images/pdvj2vide.png using Guid(748e729002a482240844cdaadec02a9a) Importer(815301076,1909f56bfc062723c751e8b465ee728b)  -> (artifact id: '941c906e18aa25937bf0504d2ae0f3e6') in 0.009133 seconds 
Editor requested this worker to shutdown with reason: Scaling down because of idle timeout
AssetImportWorker is now disconnected from the server
Process exiting
Exiting without the bug reporter. Application will terminate with return code 0