Using pre-set license
Built from '2021.2/staging' branch; Version is '2021.2.7f1 (6bd9e232123f) revision 7068130'; Using compiler version '192829333'; Build Type 'Release'
OS: 'Windows 10  (10.0.19043) 64bit Professional' Language: 'fr' Physical Memory: 24489 MB
BatchMode: 1, IsHumanControllingUs: 0, StartBugReporterOnCrash: 0, Is64bit: 1, IsPro: 0

COMMAND LINE ARGUMENTS:
C:\Program Files\Unity\Hub\Editor\2021.2.7f1\Editor\Unity.exe
-adb2
-batchMode
-noUpm
-name
AssetImportWorker2
-projectPath
C:/Users/Raf/Documents/Projet 4A3DJV/CardGameAR/CardGame
-logFile
Logs/AssetImportWorker2.log
-srvPort
62631
Successfully changed project path to: C:/Users/Raf/Documents/Projet 4A3DJV/CardGameAR/CardGame
C:/Users/Raf/Documents/Projet 4A3DJV/CardGameAR/CardGame
[UnityMemory] Configuration Parameters - Can be set up in boot.config
    "memorysetup-bucket-allocator-granularity=16"
    "memorysetup-bucket-allocator-bucket-count=8"
    "memorysetup-bucket-allocator-block-size=33554432"
    "memorysetup-bucket-allocator-block-count=8"
    "memorysetup-main-allocator-block-size=16777216"
    "memorysetup-thread-allocator-block-size=16777216"
    "memorysetup-gfx-main-allocator-block-size=16777216"
    "memorysetup-gfx-thread-allocator-block-size=16777216"
    "memorysetup-cache-allocator-block-size=4194304"
    "memorysetup-typetree-allocator-block-size=2097152"
    "memorysetup-profiler-bucket-allocator-granularity=16"
    "memorysetup-profiler-bucket-allocator-bucket-count=8"
    "memorysetup-profiler-bucket-allocator-block-size=33554432"
    "memorysetup-profiler-bucket-allocator-block-count=8"
    "memorysetup-profiler-allocator-block-size=16777216"
    "memorysetup-profiler-editor-allocator-block-size=1048576"
    "memorysetup-temp-allocator-size-main=16777216"
    "memorysetup-job-temp-allocator-block-size=2097152"
    "memorysetup-job-temp-allocator-block-size-background=1048576"
    "memorysetup-job-temp-allocator-reduction-small-platforms=262144"
    "memorysetup-temp-allocator-size-background-worker=32768"
    "memorysetup-temp-allocator-size-job-worker=262144"
    "memorysetup-temp-allocator-size-preload-manager=33554432"
    "memorysetup-temp-allocator-size-nav-mesh-worker=65536"
    "memorysetup-temp-allocator-size-audio-worker=65536"
    "memorysetup-temp-allocator-size-cloud-worker=32768"
    "memorysetup-temp-allocator-size-gi-baking-worker=262144"
    "memorysetup-temp-allocator-size-gfx=262144"
Refreshing native plugins compatible for Editor in 61.79 ms, found 3 plugins.
Preloading 0 native plugins for Editor in 0.00 ms.
Initialize engine version: 2021.2.7f1 (6bd9e232123f)
[Subsystems] Discovering subsystems at path C:/Program Files/Unity/Hub/Editor/2021.2.7f1/Editor/Data/Resources/UnitySubsystems
[Subsystems] Discovering subsystems at path C:/Users/Raf/Documents/Projet 4A3DJV/CardGameAR/CardGame/Assets
GfxDevice: creating device client; threaded=0; jobified=0
Direct3D:
    Version:  Direct3D 11.0 [level 11.1]
    Renderer: NVIDIA GeForce GTX 1060 6GB (ID=0x1c03)
    Vendor:   NVIDIA
    VRAM:     6052 MB
    Driver:   30.0.15.1179
Initialize mono
Mono path[0] = 'C:/Program Files/Unity/Hub/Editor/2021.2.7f1/Editor/Data/Managed'
Mono path[1] = 'C:/Program Files/Unity/Hub/Editor/2021.2.7f1/Editor/Data/MonoBleedingEdge/lib/mono/unityjit-win32'
Mono config path = 'C:/Program Files/Unity/Hub/Editor/2021.2.7f1/Editor/Data/MonoBleedingEdge/etc'
Using monoOptions --debugger-agent=transport=dt_socket,embedding=1,server=y,suspend=n,address=127.0.0.1:56240
Begin MonoManager ReloadAssembly
Registering precompiled unity dll's ...
Register platform support module: C:/Program Files/Unity/Hub/Editor/2021.2.7f1/Editor/Data/PlaybackEngines/WindowsStandaloneSupport/UnityEditor.WindowsStandalone.Extensions.dll
Registered in 0.005599 seconds.
Native extension for WindowsStandalone target not found
Refreshing native plugins compatible for Editor in 63.59 ms, found 3 plugins.
Preloading 0 native plugins for Editor in 0.00 ms.
Mono: successfully reloaded assembly
- Completed reload, in  0.507 seconds
Domain Reload Profiling:
	ReloadAssembly (508ms)
		BeginReloadAssembly (58ms)
			ExecutionOrderSort (0ms)
			DisableScriptedObjects (0ms)
			BackupInstance (0ms)
			ReleaseScriptingObjects (0ms)
			CreateAndSetChildDomain (1ms)
		EndReloadAssembly (383ms)
			LoadAssemblies (56ms)
			RebuildTransferFunctionScriptingTraits (0ms)
			SetupTypeCache (82ms)
			ReleaseScriptCaches (0ms)
			RebuildScriptCaches (22ms)
			SetupLoadedEditorAssemblies (236ms)
				LogAssemblyErrors (0ms)
				InitializePlatformSupportModulesInManaged (12ms)
				SetLoadedEditorAssemblies (0ms)
				RefreshPlugins (64ms)
				BeforeProcessingInitializeOnLoad (1ms)
				ProcessInitializeOnLoadAttributes (120ms)
				ProcessInitializeOnLoadMethodAttributes (39ms)
				AfterProcessingInitializeOnLoad (0ms)
				EditorAssembliesLoaded (0ms)
			ExecutionOrderSort2 (0ms)
			AwakeInstancesAfterBackupRestoration (0ms)
Platform modules already initialized, skipping
Registering precompiled user dll's ...
Registered in 0.005057 seconds.
Begin MonoManager ReloadAssembly
Symbol file LoadedFromMemory doesn't match image C:\Users\Raf\Documents\Projet 4A3DJV\CardGameAR\CardGame\Library\PackageCache\com.unity.visualscripting@1.7.6\Editor\VisualScripting.Core\Dependencies\YamlDotNet\Unity.VisualScripting.YamlDotNet.dll
Symbol file LoadedFromMemory doesn't match image C:\Users\Raf\Documents\Projet 4A3DJV\CardGameAR\CardGame\Library\PackageCache\com.unity.visualscripting@1.7.6\Editor\VisualScripting.Core\Dependencies\DotNetZip\Unity.VisualScripting.IonicZip.dll
Native extension for WindowsStandalone target not found
Refreshing native plugins compatible for Editor in 0.49 ms, found 3 plugins.
Preloading 0 native plugins for Editor in 0.00 ms.
Mono: successfully reloaded assembly
- Completed reload, in  0.816 seconds
Domain Reload Profiling:
	ReloadAssembly (816ms)
		BeginReloadAssembly (87ms)
			ExecutionOrderSort (0ms)
			DisableScriptedObjects (5ms)
			BackupInstance (0ms)
			ReleaseScriptingObjects (0ms)
			CreateAndSetChildDomain (14ms)
		EndReloadAssembly (647ms)
			LoadAssemblies (61ms)
			RebuildTransferFunctionScriptingTraits (0ms)
			SetupTypeCache (211ms)
			ReleaseScriptCaches (1ms)
			RebuildScriptCaches (41ms)
			SetupLoadedEditorAssemblies (303ms)
				LogAssemblyErrors (0ms)
				InitializePlatformSupportModulesInManaged (10ms)
				SetLoadedEditorAssemblies (0ms)
				RefreshPlugins (1ms)
				BeforeProcessingInitializeOnLoad (71ms)
				ProcessInitializeOnLoadAttributes (195ms)
				ProcessInitializeOnLoadMethodAttributes (19ms)
				AfterProcessingInitializeOnLoad (7ms)
				EditorAssembliesLoaded (0ms)
			ExecutionOrderSort2 (0ms)
			AwakeInstancesAfterBackupRestoration (5ms)
Platform modules already initialized, skipping
========================================================================
Worker process is ready to serve import requests
Launched and connected shader compiler UnityShaderCompiler.exe after 0.05 seconds
Refreshing native plugins compatible for Editor in 0.48 ms, found 3 plugins.
Preloading 0 native plugins for Editor in 0.00 ms.
Unloading 3233 Unused Serialized files (Serialized files now loaded: 0)
Unloading 24 unused Assets / (55.8 KB). Loaded Objects now: 3694.
Memory consumption went from 114.7 MB to 114.7 MB.
Total: 2.361900 ms (FindLiveObjects: 0.242900 ms CreateObjectMapping: 0.175000 ms MarkObjects: 1.891700 ms  DeleteObjects: 0.051600 ms)

AssetImportParameters requested are different than current active one (requested -> active):
  custom:video-decoder-ogg-theora: a1e56fd34408186e4bbccfd4996cb3dc -> 
  custom:container-muxer-webm: aa71ff27fc2769a1b78a27578f13a17b -> 
  custom:container-demuxer-webm: 4f35f7cbe854078d1ac9338744f61a02 -> 
  custom:video-encoder-webm-vp8: eb34c28f22e8b96e1ab97ce403110664 -> 
  custom:audio-encoder-webm-vorbis: bf7c407c2cedff20999df2af8eb42d56 -> 
  custom:framework-win-MediaFoundation: 216162199b28c13a410421893ffa2e32 -> 
  custom:container-demuxer-ogg: 62fdf1f143b41e24485cea50d1cbac27 -> 
  custom:video-decoder-webm-vp8: 9c59270c3fd7afecdb556c50c9e8de78 -> 
  custom:audio-decoder-ogg-vorbis: bf7c407c2cedff20999df2af8eb42d56 -> 
========================================================================
Received Import Request.
  Time since last request: 607.104971 seconds.
  path: Assets/Resources/Prefabs/ekey.prefab
  artifactKey: Guid(7d98d30114a39504e9e156fb8be4f623) Importer(815301076,1909f56bfc062723c751e8b465ee728b)
Start importing Assets/Resources/Prefabs/ekey.prefab using Guid(7d98d30114a39504e9e156fb8be4f623) Importer(815301076,1909f56bfc062723c751e8b465ee728b)  -> (artifact id: '4fd06b7c2fac97cc56d424b4d8dd3824') in 0.133202 seconds 
========================================================================
Received Import Request.
  Time since last request: 0.000023 seconds.
  path: Assets/Resources/Prefabs/mutant.prefab
  artifactKey: Guid(2fc113738dbb0f04fa8f2357a83b3364) Importer(815301076,1909f56bfc062723c751e8b465ee728b)
Start importing Assets/Resources/Prefabs/mutant.prefab using Guid(2fc113738dbb0f04fa8f2357a83b3364) Importer(815301076,1909f56bfc062723c751e8b465ee728b)  -> (artifact id: '173029b27b1dd672f5b0613f8c883e1f') in 0.034433 seconds 
========================================================================
Received Import Request.
  Time since last request: 3.542719 seconds.
  path: Assets/Prefabs/Cards
  artifactKey: Guid(c74e17d2106c96a4793ab54f0238787f) Importer(815301076,1909f56bfc062723c751e8b465ee728b)
Start importing Assets/Prefabs/Cards using Guid(c74e17d2106c96a4793ab54f0238787f) Importer(815301076,1909f56bfc062723c751e8b465ee728b)  -> (artifact id: '08fe08feffba3712cf8379854226b86e') in 0.004696 seconds 
========================================================================
Received Import Request.
  Time since last request: 0.996363 seconds.
  path: Assets/Prefabs/Cards/Attack
  artifactKey: Guid(7388fee362ba51548b1c8a4ddc17dbcd) Importer(815301076,1909f56bfc062723c751e8b465ee728b)
Start importing Assets/Prefabs/Cards/Attack using Guid(7388fee362ba51548b1c8a4ddc17dbcd) Importer(815301076,1909f56bfc062723c751e8b465ee728b)  -> (artifact id: '03b0fca19524cce12e945686f5230b03') in 0.004448 seconds 
========================================================================
Received Import Request.
  Time since last request: 0.059408 seconds.
  path: Assets/Prefabs/Cards/Attack/Card Attack 1 bis.prefab
  artifactKey: Guid(5012c8319abb284458b80efd41fac365) Importer(815301076,1909f56bfc062723c751e8b465ee728b)
Start importing Assets/Prefabs/Cards/Attack/Card Attack 1 bis.prefab using Guid(5012c8319abb284458b80efd41fac365) Importer(815301076,1909f56bfc062723c751e8b465ee728b)  -> (artifact id: '768e0233d2d04f875cdb1b2b56508af0') in 0.010089 seconds 
========================================================================
Received Import Request.
  Time since last request: 0.000015 seconds.
  path: Assets/Prefabs/Cards/Attack/Card Attack 2.prefab
  artifactKey: Guid(f7142b5b4461dc54aa6dcdc676e5df42) Importer(815301076,1909f56bfc062723c751e8b465ee728b)
Start importing Assets/Prefabs/Cards/Attack/Card Attack 2.prefab using Guid(f7142b5b4461dc54aa6dcdc676e5df42) Importer(815301076,1909f56bfc062723c751e8b465ee728b)  -> (artifact id: 'fd6188c369d5776bea9e393631ffd9ca') in 0.010533 seconds 
========================================================================
Received Import Request.
  Time since last request: 5.698851 seconds.
  path: Assets/Editor/Vuforia/ImageTargetTextures
  artifactKey: Guid(6e3b844dfb46d634d87c79d4a7d64476) Importer(815301076,1909f56bfc062723c751e8b465ee728b)
Start importing Assets/Editor/Vuforia/ImageTargetTextures using Guid(6e3b844dfb46d634d87c79d4a7d64476) Importer(815301076,1909f56bfc062723c751e8b465ee728b)  -> (artifact id: '71f0ad8fcbd6a4a2d470abcd1e4d8314') in 0.004988 seconds 
========================================================================
Received Import Request.
  Time since last request: 0.487184 seconds.
  path: Assets/Editor/Vuforia/ImageTargetTextures/YGE
  artifactKey: Guid(144841ba740145b4ea7b3c2770a74fe2) Importer(815301076,1909f56bfc062723c751e8b465ee728b)
Start importing Assets/Editor/Vuforia/ImageTargetTextures/YGE using Guid(144841ba740145b4ea7b3c2770a74fe2) Importer(815301076,1909f56bfc062723c751e8b465ee728b)  -> (artifact id: 'e0a70d96acbe112d085eaa660bb84df2') in 0.004386 seconds 
========================================================================
Received Import Request.
  Time since last request: 0.049538 seconds.
  path: Assets/Editor/Vuforia/ImageTargetTextures/YGE/t1_scaled.jpg
  artifactKey: Guid(91b0181398524cb8a14ecc5b1c3e3c0f) Importer(815301076,1909f56bfc062723c751e8b465ee728b)
Start importing Assets/Editor/Vuforia/ImageTargetTextures/YGE/t1_scaled.jpg using Guid(91b0181398524cb8a14ecc5b1c3e3c0f) Importer(815301076,1909f56bfc062723c751e8b465ee728b)  -> (artifact id: 'c2a4d6a984466483422c6260866560ca') in 0.052363 seconds 
========================================================================
Received Import Request.
  Time since last request: 0.000014 seconds.
  path: Assets/Editor/Vuforia/ImageTargetTextures/YGE/t10_bis_scaled.jpg
  artifactKey: Guid(dd1df7907623477eae0c69849acb0a54) Importer(815301076,1909f56bfc062723c751e8b465ee728b)
Start importing Assets/Editor/Vuforia/ImageTargetTextures/YGE/t10_bis_scaled.jpg using Guid(dd1df7907623477eae0c69849acb0a54) Importer(815301076,1909f56bfc062723c751e8b465ee728b)  -> (artifact id: '55372d55476ce394e57ae23b6f77a61e') in 0.012202 seconds 
========================================================================
Received Import Request.
  Time since last request: 0.000013 seconds.
  path: Assets/Editor/Vuforia/ImageTargetTextures/YGE/t6_bis_scaled.jpg
  artifactKey: Guid(128e7c2431bb41208ab83253d04a7a77) Importer(815301076,1909f56bfc062723c751e8b465ee728b)
Start importing Assets/Editor/Vuforia/ImageTargetTextures/YGE/t6_bis_scaled.jpg using Guid(128e7c2431bb41208ab83253d04a7a77) Importer(815301076,1909f56bfc062723c751e8b465ee728b)  -> (artifact id: 'fc3e3383cb1689fdadfe404bdd6f0221') in 0.013754 seconds 
========================================================================
Received Import Request.
  Time since last request: 0.000015 seconds.
  path: Assets/Editor/Vuforia/ImageTargetTextures/YGE/t12_bis_scaled.jpg
  artifactKey: Guid(4feb401cca044a78a1008f69a42c9776) Importer(815301076,1909f56bfc062723c751e8b465ee728b)
Start importing Assets/Editor/Vuforia/ImageTargetTextures/YGE/t12_bis_scaled.jpg using Guid(4feb401cca044a78a1008f69a42c9776) Importer(815301076,1909f56bfc062723c751e8b465ee728b)  -> (artifact id: '0fc73543c0c1649aee57e6bbecff3f15') in 0.013821 seconds 
========================================================================
Received Import Request.
  Time since last request: 0.000014 seconds.
  path: Assets/Editor/Vuforia/ImageTargetTextures/YGE/t7_scaled.jpg
  artifactKey: Guid(51619aa83b44420da02690b8873e0ebf) Importer(815301076,1909f56bfc062723c751e8b465ee728b)
Start importing Assets/Editor/Vuforia/ImageTargetTextures/YGE/t7_scaled.jpg using Guid(51619aa83b44420da02690b8873e0ebf) Importer(815301076,1909f56bfc062723c751e8b465ee728b)  -> (artifact id: '51917c2e9d343c50a4d925d65e9cfc38') in 0.012652 seconds 
========================================================================
Received Import Request.
  Time since last request: 0.000015 seconds.
  path: Assets/Editor/Vuforia/ImageTargetTextures/YGE/t6_scaled.jpg
  artifactKey: Guid(cc99cd0fe53742139b993c2c2e80e0e4) Importer(815301076,1909f56bfc062723c751e8b465ee728b)
Start importing Assets/Editor/Vuforia/ImageTargetTextures/YGE/t6_scaled.jpg using Guid(cc99cd0fe53742139b993c2c2e80e0e4) Importer(815301076,1909f56bfc062723c751e8b465ee728b)  -> (artifact id: '3e3381556bc372a1e408118b716a05c2') in 0.012904 seconds 
========================================================================
Received Import Request.
  Time since last request: 0.000021 seconds.
  path: Assets/Editor/Vuforia/ImageTargetTextures/YGE/t4_bis_scaled.jpg
  artifactKey: Guid(8efd4cba39d647058cfaccf63298e7b6) Importer(815301076,1909f56bfc062723c751e8b465ee728b)
Start importing Assets/Editor/Vuforia/ImageTargetTextures/YGE/t4_bis_scaled.jpg using Guid(8efd4cba39d647058cfaccf63298e7b6) Importer(815301076,1909f56bfc062723c751e8b465ee728b)  -> (artifact id: '6a1f3abb7ca171a74678cda5adc624de') in 0.012635 seconds 
========================================================================
Received Import Request.
  Time since last request: 0.000022 seconds.
  path: Assets/Editor/Vuforia/ImageTargetTextures/YGE/t8_bis_scaled.jpg
  artifactKey: Guid(ec6509e19b864547ab40711476051aa6) Importer(815301076,1909f56bfc062723c751e8b465ee728b)
Start importing Assets/Editor/Vuforia/ImageTargetTextures/YGE/t8_bis_scaled.jpg using Guid(ec6509e19b864547ab40711476051aa6) Importer(815301076,1909f56bfc062723c751e8b465ee728b)  -> (artifact id: '073ec14b8955f555e89bd695b7b1b63a') in 0.012492 seconds 
========================================================================
Received Import Request.
  Time since last request: 64.656330 seconds.
  path: Assets/Scenes
  artifactKey: Guid(6ea315d0fd7389c41b19996891e99ae3) Importer(815301076,1909f56bfc062723c751e8b465ee728b)
Start importing Assets/Scenes using Guid(6ea315d0fd7389c41b19996891e99ae3) Importer(815301076,1909f56bfc062723c751e8b465ee728b)  -> (artifact id: 'bc172811d573b296104adb4d2728db37') in 0.007934 seconds 
========================================================================
Received Import Request.
  Time since last request: 29.697695 seconds.
  path: Assets/Scenes/Game.unity
  artifactKey: Guid(56a875df929f58b4f8723f49d002e6e4) Importer(815301076,1909f56bfc062723c751e8b465ee728b)
Start importing Assets/Scenes/Game.unity using Guid(56a875df929f58b4f8723f49d002e6e4) Importer(815301076,1909f56bfc062723c751e8b465ee728b)  -> (artifact id: 'ceb48afe6e9c9eabc25e617c2d9fd49e') in 0.006420 seconds 
========================================================================
Received Import Request.
  Time since last request: 4.477419 seconds.
  path: Assets/Scenes/Launcher.unity
  artifactKey: Guid(e0899f751c5f9764c83e21aacc922dcf) Importer(815301076,1909f56bfc062723c751e8b465ee728b)
Start importing Assets/Scenes/Launcher.unity using Guid(e0899f751c5f9764c83e21aacc922dcf) Importer(815301076,1909f56bfc062723c751e8b465ee728b)  -> (artifact id: '7f0460c1ea83b8ee6bec8b352f940afb') in 0.006131 seconds 
========================================================================
Received Import Request.
  Time since last request: 1.027557 seconds.
  path: Assets/Scenes/TestMonster.unity
  artifactKey: Guid(d58b827d2700c4242bb50a5a338bdda3) Importer(815301076,1909f56bfc062723c751e8b465ee728b)
Start importing Assets/Scenes/TestMonster.unity using Guid(d58b827d2700c4242bb50a5a338bdda3) Importer(815301076,1909f56bfc062723c751e8b465ee728b)  -> (artifact id: '3907b0a9c22df56cb4341a881d92515a') in 0.005702 seconds 
========================================================================
Received Import Request.
  Time since last request: 236.728279 seconds.
  path: Assets/Scenes/Launcher.unity
  artifactKey: Guid(e0899f751c5f9764c83e21aacc922dcf) Importer(815301076,1909f56bfc062723c751e8b465ee728b)
Start importing Assets/Scenes/Launcher.unity using Guid(e0899f751c5f9764c83e21aacc922dcf) Importer(815301076,1909f56bfc062723c751e8b465ee728b)  -> (artifact id: '2928bee05d932cf3a9216925458a29f9') in 0.005622 seconds 
========================================================================
Received Prepare
Registering precompiled user dll's ...
Registered in 0.004141 seconds.
Begin MonoManager ReloadAssembly
Symbol file LoadedFromMemory doesn't match image C:\Users\Raf\Documents\Projet 4A3DJV\CardGameAR\CardGame\Library\PackageCache\com.unity.visualscripting@1.7.6\Editor\VisualScripting.Core\Dependencies\YamlDotNet\Unity.VisualScripting.YamlDotNet.dll
Symbol file LoadedFromMemory doesn't match image C:\Users\Raf\Documents\Projet 4A3DJV\CardGameAR\CardGame\Library\PackageCache\com.unity.visualscripting@1.7.6\Editor\VisualScripting.Core\Dependencies\DotNetZip\Unity.VisualScripting.IonicZip.dll
Native extension for WindowsStandalone target not found
Refreshing native plugins compatible for Editor in 0.47 ms, found 3 plugins.
Preloading 0 native plugins for Editor in 0.00 ms.
Mono: successfully reloaded assembly
- Completed reload, in  0.999 seconds
Domain Reload Profiling:
	ReloadAssembly (1000ms)
		BeginReloadAssembly (131ms)
			ExecutionOrderSort (0ms)
			DisableScriptedObjects (5ms)
			BackupInstance (0ms)
			ReleaseScriptingObjects (0ms)
			CreateAndSetChildDomain (37ms)
		EndReloadAssembly (772ms)
			LoadAssemblies (73ms)
			RebuildTransferFunctionScriptingTraits (0ms)
			SetupTypeCache (244ms)
			ReleaseScriptCaches (1ms)
			RebuildScriptCaches (37ms)
			SetupLoadedEditorAssemblies (303ms)
				LogAssemblyErrors (0ms)
				InitializePlatformSupportModulesInManaged (12ms)
				SetLoadedEditorAssemblies (0ms)
				RefreshPlugins (1ms)
				BeforeProcessingInitializeOnLoad (61ms)
				ProcessInitializeOnLoadAttributes (199ms)
				ProcessInitializeOnLoadMethodAttributes (22ms)
				AfterProcessingInitializeOnLoad (8ms)
				EditorAssembliesLoaded (0ms)
			ExecutionOrderSort2 (0ms)
			AwakeInstancesAfterBackupRestoration (13ms)
Platform modules already initialized, skipping
Refreshing native plugins compatible for Editor in 0.62 ms, found 3 plugins.
Preloading 0 native plugins for Editor in 0.00 ms.
Unloading 3221 Unused Serialized files (Serialized files now loaded: 0)
Unloading 19 unused Assets / (24.5 KB). Loaded Objects now: 3827.
Memory consumption went from 149.3 MB to 149.3 MB.
Total: 2.819800 ms (FindLiveObjects: 0.327200 ms CreateObjectMapping: 0.283000 ms MarkObjects: 2.189500 ms  DeleteObjects: 0.019100 ms)

AssetImportParameters requested are different than current active one (requested -> active):
  custom:video-decoder-ogg-theora: a1e56fd34408186e4bbccfd4996cb3dc -> 
  custom:container-muxer-webm: aa71ff27fc2769a1b78a27578f13a17b -> 
  custom:container-demuxer-webm: 4f35f7cbe854078d1ac9338744f61a02 -> 
  custom:video-encoder-webm-vp8: eb34c28f22e8b96e1ab97ce403110664 -> 
  custom:audio-encoder-webm-vorbis: bf7c407c2cedff20999df2af8eb42d56 -> 
  custom:framework-win-MediaFoundation: 216162199b28c13a410421893ffa2e32 -> 
  custom:container-demuxer-ogg: 62fdf1f143b41e24485cea50d1cbac27 -> 
  custom:video-decoder-webm-vp8: 9c59270c3fd7afecdb556c50c9e8de78 -> 
  custom:audio-decoder-ogg-vorbis: bf7c407c2cedff20999df2af8eb42d56 -> 
========================================================================
Received Import Request.
  Time since last request: 293.270835 seconds.
  path: Assets/Scripts/GameManager.cs
  artifactKey: Guid(a5bdb17173553924e85e71d66cd52c43) Importer(815301076,1909f56bfc062723c751e8b465ee728b)
Start importing Assets/Scripts/GameManager.cs using Guid(a5bdb17173553924e85e71d66cd52c43) Importer(815301076,1909f56bfc062723c751e8b465ee728b)  -> (artifact id: 'b9a329c8f25b4fdf28e4f8dbf158a445') in 0.016162 seconds 
========================================================================
Received Import Request.
  Time since last request: 91.516968 seconds.
  path: Assets/Resources/Prefabs/Defenders
  artifactKey: Guid(a921e787322b71d459b1b30de0c5456b) Importer(815301076,1909f56bfc062723c751e8b465ee728b)
Start importing Assets/Resources/Prefabs/Defenders using Guid(a921e787322b71d459b1b30de0c5456b) Importer(815301076,1909f56bfc062723c751e8b465ee728b)  -> (artifact id: '754a7683fe3c2681e11ce3d02704af83') in 0.005658 seconds 
========================================================================
Received Prepare
Registering precompiled user dll's ...
Registered in 0.004195 seconds.
Begin MonoManager ReloadAssembly
Symbol file LoadedFromMemory doesn't match image C:\Users\Raf\Documents\Projet 4A3DJV\CardGameAR\CardGame\Library\PackageCache\com.unity.visualscripting@1.7.6\Editor\VisualScripting.Core\Dependencies\YamlDotNet\Unity.VisualScripting.YamlDotNet.dll
Symbol file LoadedFromMemory doesn't match image C:\Users\Raf\Documents\Projet 4A3DJV\CardGameAR\CardGame\Library\PackageCache\com.unity.visualscripting@1.7.6\Editor\VisualScripting.Core\Dependencies\DotNetZip\Unity.VisualScripting.IonicZip.dll
Native extension for WindowsStandalone target not found
Refreshing native plugins compatible for Editor in 0.58 ms, found 3 plugins.
Preloading 0 native plugins for Editor in 0.00 ms.
Mono: successfully reloaded assembly
- Completed reload, in  0.798 seconds
Domain Reload Profiling:
	ReloadAssembly (798ms)
		BeginReloadAssembly (112ms)
			ExecutionOrderSort (0ms)
			DisableScriptedObjects (6ms)
			BackupInstance (0ms)
			ReleaseScriptingObjects (0ms)
			CreateAndSetChildDomain (27ms)
		EndReloadAssembly (606ms)
			LoadAssemblies (66ms)
			RebuildTransferFunctionScriptingTraits (0ms)
			SetupTypeCache (213ms)
			ReleaseScriptCaches (1ms)
			RebuildScriptCaches (33ms)
			SetupLoadedEditorAssemblies (256ms)
				LogAssemblyErrors (0ms)
				InitializePlatformSupportModulesInManaged (10ms)
				SetLoadedEditorAssemblies (0ms)
				RefreshPlugins (1ms)
				BeforeProcessingInitializeOnLoad (53ms)
				ProcessInitializeOnLoadAttributes (166ms)
				ProcessInitializeOnLoadMethodAttributes (19ms)
				AfterProcessingInitializeOnLoad (7ms)
				EditorAssembliesLoaded (0ms)
			ExecutionOrderSort2 (0ms)
			AwakeInstancesAfterBackupRestoration (11ms)
Platform modules already initialized, skipping
Refreshing native plugins compatible for Editor in 0.53 ms, found 3 plugins.
Preloading 0 native plugins for Editor in 0.00 ms.
Unloading 3213 Unused Serialized files (Serialized files now loaded: 0)
Unloading 19 unused Assets / (24.6 KB). Loaded Objects now: 3829.
Memory consumption went from 149.1 MB to 149.1 MB.
Total: 2.575000 ms (FindLiveObjects: 0.302400 ms CreateObjectMapping: 0.236400 ms MarkObjects: 2.014800 ms  DeleteObjects: 0.020600 ms)

AssetImportParameters requested are different than current active one (requested -> active):
  custom:video-decoder-ogg-theora: a1e56fd34408186e4bbccfd4996cb3dc -> 
  custom:container-muxer-webm: aa71ff27fc2769a1b78a27578f13a17b -> 
  custom:container-demuxer-webm: 4f35f7cbe854078d1ac9338744f61a02 -> 
  custom:video-encoder-webm-vp8: eb34c28f22e8b96e1ab97ce403110664 -> 
  custom:audio-encoder-webm-vorbis: bf7c407c2cedff20999df2af8eb42d56 -> 
  custom:framework-win-MediaFoundation: 216162199b28c13a410421893ffa2e32 -> 
  custom:container-demuxer-ogg: 62fdf1f143b41e24485cea50d1cbac27 -> 
  custom:video-decoder-webm-vp8: 9c59270c3fd7afecdb556c50c9e8de78 -> 
  custom:audio-decoder-ogg-vorbis: bf7c407c2cedff20999df2af8eb42d56 -> 
========================================================================
Received Prepare
Refreshing native plugins compatible for Editor in 3.50 ms, found 3 plugins.
Preloading 0 native plugins for Editor in 0.00 ms.
Unloading 17 Unused Serialized files (Serialized files now loaded: 0)
Unloading 17 unused Assets / (21.9 KB). Loaded Objects now: 3829.
Memory consumption went from 84.8 MB to 84.8 MB.
Total: 3.689400 ms (FindLiveObjects: 0.344000 ms CreateObjectMapping: 0.293200 ms MarkObjects: 3.027800 ms  DeleteObjects: 0.023700 ms)

AssetImportParameters requested are different than current active one (requested -> active):
  custom:video-decoder-ogg-theora: a1e56fd34408186e4bbccfd4996cb3dc -> 
  custom:container-muxer-webm: aa71ff27fc2769a1b78a27578f13a17b -> 
  custom:container-demuxer-webm: 4f35f7cbe854078d1ac9338744f61a02 -> 
  custom:video-encoder-webm-vp8: eb34c28f22e8b96e1ab97ce403110664 -> 
  custom:audio-encoder-webm-vorbis: bf7c407c2cedff20999df2af8eb42d56 -> 
  custom:framework-win-MediaFoundation: 216162199b28c13a410421893ffa2e32 -> 
  custom:container-demuxer-ogg: 62fdf1f143b41e24485cea50d1cbac27 -> 
  custom:video-decoder-webm-vp8: 9c59270c3fd7afecdb556c50c9e8de78 -> 
  custom:audio-decoder-ogg-vorbis: bf7c407c2cedff20999df2af8eb42d56 -> 
========================================================================
Received Prepare
Refreshing native plugins compatible for Editor in 3.68 ms, found 3 plugins.
Preloading 0 native plugins for Editor in 0.00 ms.
Unloading 17 Unused Serialized files (Serialized files now loaded: 0)
Unloading 17 unused Assets / (21.9 KB). Loaded Objects now: 3829.
Memory consumption went from 84.8 MB to 84.8 MB.
Total: 2.882700 ms (FindLiveObjects: 0.315500 ms CreateObjectMapping: 0.304800 ms MarkObjects: 2.230300 ms  DeleteObjects: 0.031400 ms)

AssetImportParameters requested are different than current active one (requested -> active):
  custom:video-decoder-ogg-theora: a1e56fd34408186e4bbccfd4996cb3dc -> 
  custom:container-muxer-webm: aa71ff27fc2769a1b78a27578f13a17b -> 
  custom:container-demuxer-webm: 4f35f7cbe854078d1ac9338744f61a02 -> 
  custom:video-encoder-webm-vp8: eb34c28f22e8b96e1ab97ce403110664 -> 
  custom:audio-encoder-webm-vorbis: bf7c407c2cedff20999df2af8eb42d56 -> 
  custom:framework-win-MediaFoundation: 216162199b28c13a410421893ffa2e32 -> 
  custom:container-demuxer-ogg: 62fdf1f143b41e24485cea50d1cbac27 -> 
  custom:video-decoder-webm-vp8: 9c59270c3fd7afecdb556c50c9e8de78 -> 
  custom:audio-decoder-ogg-vorbis: bf7c407c2cedff20999df2af8eb42d56 -> 
========================================================================
Received Prepare
Registering precompiled user dll's ...
Registered in 0.005795 seconds.
Begin MonoManager ReloadAssembly
Symbol file LoadedFromMemory doesn't match image C:\Users\Raf\Documents\Projet 4A3DJV\CardGameAR\CardGame\Library\PackageCache\com.unity.visualscripting@1.7.6\Editor\VisualScripting.Core\Dependencies\YamlDotNet\Unity.VisualScripting.YamlDotNet.dll
Symbol file LoadedFromMemory doesn't match image C:\Users\Raf\Documents\Projet 4A3DJV\CardGameAR\CardGame\Library\PackageCache\com.unity.visualscripting@1.7.6\Editor\VisualScripting.Core\Dependencies\DotNetZip\Unity.VisualScripting.IonicZip.dll
Native extension for WindowsStandalone target not found
Refreshing native plugins compatible for Editor in 0.54 ms, found 3 plugins.
Preloading 0 native plugins for Editor in 0.00 ms.
Mono: successfully reloaded assembly
- Completed reload, in  0.962 seconds
Domain Reload Profiling:
	ReloadAssembly (963ms)
		BeginReloadAssembly (133ms)
			ExecutionOrderSort (0ms)
			DisableScriptedObjects (7ms)
			BackupInstance (0ms)
			ReleaseScriptingObjects (0ms)
			CreateAndSetChildDomain (34ms)
		EndReloadAssembly (728ms)
			LoadAssemblies (78ms)
			RebuildTransferFunctionScriptingTraits (0ms)
			SetupTypeCache (249ms)
			ReleaseScriptCaches (1ms)
			RebuildScriptCaches (41ms)
			SetupLoadedEditorAssemblies (292ms)
				LogAssemblyErrors (0ms)
				InitializePlatformSupportModulesInManaged (11ms)
				SetLoadedEditorAssemblies (0ms)
				RefreshPlugins (1ms)
				BeforeProcessingInitializeOnLoad (61ms)
				ProcessInitializeOnLoadAttributes (191ms)
				ProcessInitializeOnLoadMethodAttributes (21ms)
				AfterProcessingInitializeOnLoad (7ms)
				EditorAssembliesLoaded (0ms)
			ExecutionOrderSort2 (0ms)
			AwakeInstancesAfterBackupRestoration (12ms)
Platform modules already initialized, skipping
Switching build target platform(19) subTarget(0) extendedPlatform(0) -> platform(13) subTarget(0) extendedPlatform(0)
Refreshing native plugins compatible for Editor in 0.53 ms, found 3 plugins.
Preloading 0 native plugins for Editor in 0.00 ms.
Unloading 3217 Unused Serialized files (Serialized files now loaded: 0)
Unloading 19 unused Assets / (24.6 KB). Loaded Objects now: 3831.
Memory consumption went from 148.9 MB to 148.8 MB.
Total: 2.466700 ms (FindLiveObjects: 0.292500 ms CreateObjectMapping: 0.193800 ms MarkObjects: 1.963900 ms  DeleteObjects: 0.015500 ms)

AssetImportParameters requested are different than current active one (requested -> active):
  custom:video-decoder-ogg-theora: a1e56fd34408186e4bbccfd4996cb3dc -> 
  custom:container-muxer-webm: aa71ff27fc2769a1b78a27578f13a17b -> 
  custom:container-demuxer-webm: 4f35f7cbe854078d1ac9338744f61a02 -> 
  custom:video-encoder-webm-vp8: eb34c28f22e8b96e1ab97ce403110664 -> 
  custom:audio-encoder-webm-vorbis: bf7c407c2cedff20999df2af8eb42d56 -> 
  custom:framework-win-MediaFoundation: 216162199b28c13a410421893ffa2e32 -> 
  custom:container-demuxer-ogg: 62fdf1f143b41e24485cea50d1cbac27 -> 
  custom:video-decoder-webm-vp8: 9c59270c3fd7afecdb556c50c9e8de78 -> 
  custom:audio-decoder-ogg-vorbis: bf7c407c2cedff20999df2af8eb42d56 -> 
========================================================================
Received Import Request.
  Time since last request: 2368.385241 seconds.
  path: Assets
  artifactKey: Guid(00000000000000001000000000000000) Importer(815301076,1909f56bfc062723c751e8b465ee728b)
Start importing Assets using Guid(00000000000000001000000000000000) Importer(815301076,1909f56bfc062723c751e8b465ee728b)  -> (artifact id: '79842766b460edbeab6a34051e857a80') in 0.008827 seconds 
========================================================================
Received Import Request.
  Time since last request: 3.275052 seconds.
  path: Assets/Images
  artifactKey: Guid(6eeb9c835ad61184d9d4f6614c3d6d10) Importer(815301076,1909f56bfc062723c751e8b465ee728b)
Start importing Assets/Images using Guid(6eeb9c835ad61184d9d4f6614c3d6d10) Importer(815301076,1909f56bfc062723c751e8b465ee728b)  -> (artifact id: '47f6b85fb271f2b81e18d695d6002643') in 0.004784 seconds 
========================================================================
Received Import Request.
  Time since last request: 218.680784 seconds.
  path: Assets/Images/background.png
  artifactKey: Guid(bade015dd0459134287cfb213b580663) Importer(815301076,1909f56bfc062723c751e8b465ee728b)
Start importing Assets/Images/background.png using Guid(bade015dd0459134287cfb213b580663) Importer(815301076,1909f56bfc062723c751e8b465ee728b)  -> (artifact id: 'f17edc7a519a2c8632ca4cdcb55e79b8') in 0.091945 seconds 
========================================================================
Received Import Request.
  Time since last request: 0.000027 seconds.
  path: Assets/Images/title.png
  artifactKey: Guid(d02092b7a5736814a93aa00af0c17f25) Importer(815301076,1909f56bfc062723c751e8b465ee728b)
Start importing Assets/Images/title.png using Guid(d02092b7a5736814a93aa00af0c17f25) Importer(815301076,1909f56bfc062723c751e8b465ee728b)  -> (artifact id: 'c49f7597d79ea5077a83f7f447ef7192') in 0.010999 seconds 
========================================================================
Received Import Request.
  Time since last request: 0.000018 seconds.
  path: Assets/Images/soundon.png
  artifactKey: Guid(bacd2154a750cff43becc37c18ff385b) Importer(815301076,1909f56bfc062723c751e8b465ee728b)
Start importing Assets/Images/soundon.png using Guid(bacd2154a750cff43becc37c18ff385b) Importer(815301076,1909f56bfc062723c751e8b465ee728b)  -> (artifact id: '001903391bb534fbbd8ffe0c998118cd') in 0.010483 seconds 
========================================================================
Received Import Request.
  Time since last request: 65.974823 seconds.
  path: Assets/Images/background.png
  artifactKey: Guid(bade015dd0459134287cfb213b580663) Importer(815301076,1909f56bfc062723c751e8b465ee728b)
Start importing Assets/Images/background.png using Guid(bade015dd0459134287cfb213b580663) Importer(815301076,1909f56bfc062723c751e8b465ee728b)  -> (artifact id: '7385782b6db4111b990941dfb21fa2e0') in 0.180826 seconds 
========================================================================
Received Import Request.
  Time since last request: 116.440071 seconds.
  path: Assets/Images/background 1.png
  artifactKey: Guid(545772f33867ef845a221077e18cfd39) Importer(815301076,1909f56bfc062723c751e8b465ee728b)
Start importing Assets/Images/background 1.png using Guid(545772f33867ef845a221077e18cfd39) Importer(815301076,1909f56bfc062723c751e8b465ee728b)  -> (artifact id: '284e9e7215443f6fc364cb7c9196f99d') in 0.027602 seconds 
========================================================================
Received Import Request.
  Time since last request: 2.995625 seconds.
  path: Assets/Images/credit.png
  artifactKey: Guid(323b12968dd9040428ecb726f764b1ce) Importer(815301076,1909f56bfc062723c751e8b465ee728b)
Start importing Assets/Images/credit.png using Guid(323b12968dd9040428ecb726f764b1ce) Importer(815301076,1909f56bfc062723c751e8b465ee728b)  -> (artifact id: 'e1ba5ac2c032448ffb6c5750a2d79b9e') in 0.008987 seconds 
========================================================================
Received Import Request.
  Time since last request: 8.022796 seconds.
  path: Assets/Images/background.png
  artifactKey: Guid(545772f33867ef845a221077e18cfd39) Importer(815301076,1909f56bfc062723c751e8b465ee728b)
Start importing Assets/Images/background.png using Guid(545772f33867ef845a221077e18cfd39) Importer(815301076,1909f56bfc062723c751e8b465ee728b)  -> (artifact id: '3afde8016d71f386641438bf46d44d3d') in 0.023125 seconds 
========================================================================
Received Import Request.
  Time since last request: 3.726859 seconds.
  path: Assets/Images/background.png
  artifactKey: Guid(545772f33867ef845a221077e18cfd39) Importer(815301076,1909f56bfc062723c751e8b465ee728b)
Start importing Assets/Images/background.png using Guid(545772f33867ef845a221077e18cfd39) Importer(815301076,1909f56bfc062723c751e8b465ee728b)  -> (artifact id: 'ffdea983dfaada62fc1f21e516c1bdf7') in 0.163635 seconds 
========================================================================
Received Import Request.
  Time since last request: 2.951593 seconds.
  path: Assets/Images/credit.png
  artifactKey: Guid(323b12968dd9040428ecb726f764b1ce) Importer(815301076,1909f56bfc062723c751e8b465ee728b)
Start importing Assets/Images/credit.png using Guid(323b12968dd9040428ecb726f764b1ce) Importer(815301076,1909f56bfc062723c751e8b465ee728b)  -> (artifact id: '7aa293407987ebd86432b72fd45b6605') in 0.010476 seconds 
========================================================================
Received Import Request.
  Time since last request: 3.771476 seconds.
  path: Assets/Images/playbutton.png
  artifactKey: Guid(03c409a9656fd02469532b92615df588) Importer(815301076,1909f56bfc062723c751e8b465ee728b)
Start importing Assets/Images/playbutton.png using Guid(03c409a9656fd02469532b92615df588) Importer(815301076,1909f56bfc062723c751e8b465ee728b)  -> (artifact id: '2aa1ee5420d899456a6c4e937b49f767') in 0.018372 seconds 
========================================================================
Received Import Request.
  Time since last request: 3.594554 seconds.
  path: Assets/Images/reglagebutton.png
  artifactKey: Guid(008e956a12058e84c8e4fffd176ce775) Importer(815301076,1909f56bfc062723c751e8b465ee728b)
Start importing Assets/Images/reglagebutton.png using Guid(008e956a12058e84c8e4fffd176ce775) Importer(815301076,1909f56bfc062723c751e8b465ee728b)  -> (artifact id: '9eee2a686958b68647b00672014afb63') in 0.015059 seconds 
========================================================================
Received Import Request.
  Time since last request: 3.335342 seconds.
  path: Assets/Images/soundoff.png
  artifactKey: Guid(9762958dd4b6e5a42a8af739e6c5f56d) Importer(815301076,1909f56bfc062723c751e8b465ee728b)
Start importing Assets/Images/soundoff.png using Guid(9762958dd4b6e5a42a8af739e6c5f56d) Importer(815301076,1909f56bfc062723c751e8b465ee728b)  -> (artifact id: '3ddc518f63780f8630f2dab6e6c8e025') in 0.012448 seconds 
========================================================================
Received Import Request.
  Time since last request: 2.903208 seconds.
  path: Assets/Images/soundon.png
  artifactKey: Guid(bacd2154a750cff43becc37c18ff385b) Importer(815301076,1909f56bfc062723c751e8b465ee728b)
Start importing Assets/Images/soundon.png using Guid(bacd2154a750cff43becc37c18ff385b) Importer(815301076,1909f56bfc062723c751e8b465ee728b)  -> (artifact id: 'c9b0acf6953fd55308288cfabc1bb36c') in 0.013552 seconds 
========================================================================
Received Import Request.
  Time since last request: 3.707178 seconds.
  path: Assets/Images/title.png
  artifactKey: Guid(d02092b7a5736814a93aa00af0c17f25) Importer(815301076,1909f56bfc062723c751e8b465ee728b)
Start importing Assets/Images/title.png using Guid(d02092b7a5736814a93aa00af0c17f25) Importer(815301076,1909f56bfc062723c751e8b465ee728b)  -> (artifact id: '092818760b6cab80457e2fadfea576ef') in 0.017853 seconds 
========================================================================
Received Prepare
Registering precompiled user dll's ...
Registered in 0.004217 seconds.
Begin MonoManager ReloadAssembly
Symbol file LoadedFromMemory doesn't match image C:\Users\Raf\Documents\Projet 4A3DJV\CardGameAR\CardGame\Library\PackageCache\com.unity.visualscripting@1.7.6\Editor\VisualScripting.Core\Dependencies\YamlDotNet\Unity.VisualScripting.YamlDotNet.dll
Symbol file LoadedFromMemory doesn't match image C:\Users\Raf\Documents\Projet 4A3DJV\CardGameAR\CardGame\Library\PackageCache\com.unity.visualscripting@1.7.6\Editor\VisualScripting.Core\Dependencies\DotNetZip\Unity.VisualScripting.IonicZip.dll
Native extension for WindowsStandalone target not found
Refreshing native plugins compatible for Editor in 0.60 ms, found 3 plugins.
Preloading 0 native plugins for Editor in 0.00 ms.
Mono: successfully reloaded assembly
- Completed reload, in  0.873 seconds
Domain Reload Profiling:
	ReloadAssembly (874ms)
		BeginReloadAssembly (113ms)
			ExecutionOrderSort (0ms)
			DisableScriptedObjects (6ms)
			BackupInstance (0ms)
			ReleaseScriptingObjects (0ms)
			CreateAndSetChildDomain (34ms)
		EndReloadAssembly (680ms)
			LoadAssemblies (61ms)
			RebuildTransferFunctionScriptingTraits (0ms)
			SetupTypeCache (209ms)
			ReleaseScriptCaches (1ms)
			RebuildScriptCaches (33ms)
			SetupLoadedEditorAssemblies (255ms)
				LogAssemblyErrors (0ms)
				InitializePlatformSupportModulesInManaged (10ms)
				SetLoadedEditorAssemblies (0ms)
				RefreshPlugins (1ms)
				BeforeProcessingInitializeOnLoad (53ms)
				ProcessInitializeOnLoadAttributes (166ms)
				ProcessInitializeOnLoadMethodAttributes (19ms)
				AfterProcessingInitializeOnLoad (7ms)
				EditorAssembliesLoaded (0ms)
			ExecutionOrderSort2 (0ms)
			AwakeInstancesAfterBackupRestoration (13ms)
Platform modules already initialized, skipping
Switching build target platform(19) subTarget(0) extendedPlatform(0) -> platform(13) subTarget(0) extendedPlatform(0)
Refreshing native plugins compatible for Editor in 0.48 ms, found 3 plugins.
Preloading 0 native plugins for Editor in 0.00 ms.
Unloading 3224 Unused Serialized files (Serialized files now loaded: 0)
Unloading 19 unused Assets / (24.6 KB). Loaded Objects now: 4053.
Memory consumption went from 155.7 MB to 155.7 MB.
Total: 2.398100 ms (FindLiveObjects: 0.312200 ms CreateObjectMapping: 0.235400 ms MarkObjects: 1.832100 ms  DeleteObjects: 0.017400 ms)

AssetImportParameters requested are different than current active one (requested -> active):
  custom:video-decoder-ogg-theora: a1e56fd34408186e4bbccfd4996cb3dc -> 
  custom:container-muxer-webm: aa71ff27fc2769a1b78a27578f13a17b -> 
  custom:container-demuxer-webm: 4f35f7cbe854078d1ac9338744f61a02 -> 
  custom:video-encoder-webm-vp8: eb34c28f22e8b96e1ab97ce403110664 -> 
  custom:audio-encoder-webm-vorbis: bf7c407c2cedff20999df2af8eb42d56 -> 
  custom:framework-win-MediaFoundation: 216162199b28c13a410421893ffa2e32 -> 
  custom:container-demuxer-ogg: 62fdf1f143b41e24485cea50d1cbac27 -> 
  custom:video-decoder-webm-vp8: 9c59270c3fd7afecdb556c50c9e8de78 -> 
  custom:audio-decoder-ogg-vorbis: bf7c407c2cedff20999df2af8eb42d56 -> 
========================================================================
Received Import Request.
  Time since last request: 1373.083268 seconds.
  path: Assets/Scenes/Launcher.unity
  artifactKey: Guid(e0899f751c5f9764c83e21aacc922dcf) Importer(815301076,1909f56bfc062723c751e8b465ee728b)
Start importing Assets/Scenes/Launcher.unity using Guid(e0899f751c5f9764c83e21aacc922dcf) Importer(815301076,1909f56bfc062723c751e8b465ee728b)  -> (artifact id: '9742c63c584ff4bbc14f110b74e70f0c') in 0.019563 seconds 
========================================================================
Received Prepare
Registering precompiled user dll's ...
Registered in 0.004204 seconds.
Begin MonoManager ReloadAssembly
Symbol file LoadedFromMemory doesn't match image C:\Users\Raf\Documents\Projet 4A3DJV\CardGameAR\CardGame\Library\PackageCache\com.unity.visualscripting@1.7.6\Editor\VisualScripting.Core\Dependencies\YamlDotNet\Unity.VisualScripting.YamlDotNet.dll
Symbol file LoadedFromMemory doesn't match image C:\Users\Raf\Documents\Projet 4A3DJV\CardGameAR\CardGame\Library\PackageCache\com.unity.visualscripting@1.7.6\Editor\VisualScripting.Core\Dependencies\DotNetZip\Unity.VisualScripting.IonicZip.dll
Native extension for WindowsStandalone target not found
Refreshing native plugins compatible for Editor in 0.51 ms, found 3 plugins.
Preloading 0 native plugins for Editor in 0.00 ms.
Mono: successfully reloaded assembly
- Completed reload, in  0.836 seconds
Domain Reload Profiling:
	ReloadAssembly (837ms)
		BeginReloadAssembly (111ms)
			ExecutionOrderSort (0ms)
			DisableScriptedObjects (7ms)
			BackupInstance (0ms)
			ReleaseScriptingObjects (0ms)
			CreateAndSetChildDomain (29ms)
		EndReloadAssembly (648ms)
			LoadAssemblies (63ms)
			RebuildTransferFunctionScriptingTraits (0ms)
			SetupTypeCache (210ms)
			ReleaseScriptCaches (1ms)
			RebuildScriptCaches (33ms)
			SetupLoadedEditorAssemblies (258ms)
				LogAssemblyErrors (0ms)
				InitializePlatformSupportModulesInManaged (10ms)
				SetLoadedEditorAssemblies (0ms)
				RefreshPlugins (1ms)
				BeforeProcessingInitializeOnLoad (54ms)
				ProcessInitializeOnLoadAttributes (168ms)
				ProcessInitializeOnLoadMethodAttributes (18ms)
				AfterProcessingInitializeOnLoad (6ms)
				EditorAssembliesLoaded (0ms)
			ExecutionOrderSort2 (0ms)
			AwakeInstancesAfterBackupRestoration (12ms)
Platform modules already initialized, skipping
Switching build target platform(19) subTarget(0) extendedPlatform(0) -> platform(13) subTarget(0) extendedPlatform(0)
Refreshing native plugins compatible for Editor in 0.49 ms, found 3 plugins.
Preloading 0 native plugins for Editor in 0.00 ms.
Unloading 3217 Unused Serialized files (Serialized files now loaded: 0)
Unloading 19 unused Assets / (24.6 KB). Loaded Objects now: 4055.
Memory consumption went from 155.4 MB to 155.4 MB.
Total: 2.341800 ms (FindLiveObjects: 0.296400 ms CreateObjectMapping: 0.199500 ms MarkObjects: 1.828600 ms  DeleteObjects: 0.016400 ms)

AssetImportParameters requested are different than current active one (requested -> active):
  custom:video-decoder-ogg-theora: a1e56fd34408186e4bbccfd4996cb3dc -> 
  custom:container-muxer-webm: aa71ff27fc2769a1b78a27578f13a17b -> 
  custom:container-demuxer-webm: 4f35f7cbe854078d1ac9338744f61a02 -> 
  custom:video-encoder-webm-vp8: eb34c28f22e8b96e1ab97ce403110664 -> 
  custom:audio-encoder-webm-vorbis: bf7c407c2cedff20999df2af8eb42d56 -> 
  custom:framework-win-MediaFoundation: 216162199b28c13a410421893ffa2e32 -> 
  custom:container-demuxer-ogg: 62fdf1f143b41e24485cea50d1cbac27 -> 
  custom:video-decoder-webm-vp8: 9c59270c3fd7afecdb556c50c9e8de78 -> 
  custom:audio-decoder-ogg-vorbis: bf7c407c2cedff20999df2af8eb42d56 -> 
========================================================================
Received Prepare
Registering precompiled user dll's ...
Registered in 0.004926 seconds.
Begin MonoManager ReloadAssembly
Symbol file LoadedFromMemory doesn't match image C:\Users\Raf\Documents\Projet 4A3DJV\CardGameAR\CardGame\Library\PackageCache\com.unity.visualscripting@1.7.6\Editor\VisualScripting.Core\Dependencies\YamlDotNet\Unity.VisualScripting.YamlDotNet.dll
Symbol file LoadedFromMemory doesn't match image C:\Users\Raf\Documents\Projet 4A3DJV\CardGameAR\CardGame\Library\PackageCache\com.unity.visualscripting@1.7.6\Editor\VisualScripting.Core\Dependencies\DotNetZip\Unity.VisualScripting.IonicZip.dll
Native extension for WindowsStandalone target not found
Refreshing native plugins compatible for Editor in 0.53 ms, found 3 plugins.
Preloading 0 native plugins for Editor in 0.00 ms.
Mono: successfully reloaded assembly
- Completed reload, in  0.900 seconds
Domain Reload Profiling:
	ReloadAssembly (901ms)
		BeginReloadAssembly (116ms)
			ExecutionOrderSort (0ms)
			DisableScriptedObjects (8ms)
			BackupInstance (0ms)
			ReleaseScriptingObjects (0ms)
			CreateAndSetChildDomain (28ms)
		EndReloadAssembly (699ms)
			LoadAssemblies (66ms)
			RebuildTransferFunctionScriptingTraits (0ms)
			SetupTypeCache (225ms)
			ReleaseScriptCaches (1ms)
			RebuildScriptCaches (35ms)
			SetupLoadedEditorAssemblies (281ms)
				LogAssemblyErrors (0ms)
				InitializePlatformSupportModulesInManaged (11ms)
				SetLoadedEditorAssemblies (0ms)
				RefreshPlugins (1ms)
				BeforeProcessingInitializeOnLoad (57ms)
				ProcessInitializeOnLoadAttributes (179ms)
				ProcessInitializeOnLoadMethodAttributes (26ms)
				AfterProcessingInitializeOnLoad (7ms)
				EditorAssembliesLoaded (0ms)
			ExecutionOrderSort2 (0ms)
			AwakeInstancesAfterBackupRestoration (14ms)
Platform modules already initialized, skipping
Switching build target platform(19) subTarget(0) extendedPlatform(0) -> platform(13) subTarget(0) extendedPlatform(0)
Refreshing native plugins compatible for Editor in 0.52 ms, found 3 plugins.
Preloading 0 native plugins for Editor in 0.00 ms.
Unloading 3217 Unused Serialized files (Serialized files now loaded: 0)
Unloading 19 unused Assets / (24.7 KB). Loaded Objects now: 4057.
Memory consumption went from 155.4 MB to 155.4 MB.
Total: 2.489500 ms (FindLiveObjects: 0.322800 ms CreateObjectMapping: 0.236600 ms MarkObjects: 1.914500 ms  DeleteObjects: 0.014500 ms)

AssetImportParameters requested are different than current active one (requested -> active):
  custom:video-decoder-ogg-theora: a1e56fd34408186e4bbccfd4996cb3dc -> 
  custom:container-muxer-webm: aa71ff27fc2769a1b78a27578f13a17b -> 
  custom:container-demuxer-webm: 4f35f7cbe854078d1ac9338744f61a02 -> 
  custom:video-encoder-webm-vp8: eb34c28f22e8b96e1ab97ce403110664 -> 
  custom:audio-encoder-webm-vorbis: bf7c407c2cedff20999df2af8eb42d56 -> 
  custom:framework-win-MediaFoundation: 216162199b28c13a410421893ffa2e32 -> 
  custom:container-demuxer-ogg: 62fdf1f143b41e24485cea50d1cbac27 -> 
  custom:video-decoder-webm-vp8: 9c59270c3fd7afecdb556c50c9e8de78 -> 
  custom:audio-decoder-ogg-vorbis: bf7c407c2cedff20999df2af8eb42d56 -> 
========================================================================
Received Import Request.
  Time since last request: 154.605036 seconds.
  path: Assets/Resources/Prefabs/ekey.prefab
  artifactKey: Guid(7d98d30114a39504e9e156fb8be4f623) Importer(815301076,1909f56bfc062723c751e8b465ee728b)
Start importing Assets/Resources/Prefabs/ekey.prefab using Guid(7d98d30114a39504e9e156fb8be4f623) Importer(815301076,1909f56bfc062723c751e8b465ee728b)  -> (artifact id: 'b3d3b6f027292d8e3b668f1644f0e728') in 0.373057 seconds 
========================================================================
Received Import Request.
  Time since last request: 0.000022 seconds.
  path: Assets/Resources/Prefabs/tajma.prefab
  artifactKey: Guid(8ec1071a53a6cbd4f8c83c43dfe41bf5) Importer(815301076,1909f56bfc062723c751e8b465ee728b)
Start importing Assets/Resources/Prefabs/tajma.prefab using Guid(8ec1071a53a6cbd4f8c83c43dfe41bf5) Importer(815301076,1909f56bfc062723c751e8b465ee728b)  -> (artifact id: '5acfb8c2ce539b4f8d45be923e0eb964') in 0.088239 seconds 
========================================================================
Received Import Request.
  Time since last request: 0.000022 seconds.
  path: Assets/Resources/Prefabs/mutant.prefab
  artifactKey: Guid(2fc113738dbb0f04fa8f2357a83b3364) Importer(815301076,1909f56bfc062723c751e8b465ee728b)
Start importing Assets/Resources/Prefabs/mutant.prefab using Guid(2fc113738dbb0f04fa8f2357a83b3364) Importer(815301076,1909f56bfc062723c751e8b465ee728b)  -> (artifact id: 'b7cc8de47670aba6d91e2f9c50d39cc0') in 0.207624 seconds 
========================================================================
Received Import Request.
  Time since last request: 0.000021 seconds.
  path: Assets/Resources/Prefabs/mawj.prefab
  artifactKey: Guid(a024a548b26cfba4891945c3d2d01095) Importer(815301076,1909f56bfc062723c751e8b465ee728b)
Start importing Assets/Resources/Prefabs/mawj.prefab using Guid(a024a548b26cfba4891945c3d2d01095) Importer(815301076,1909f56bfc062723c751e8b465ee728b)  -> (artifact id: '62e8a0ca0c38c097a1380c64ba4e9e1a') in 0.053768 seconds 
Editor requested this worker to shutdown with reason: Scaling down because of idle timeout
AssetImportWorker is now disconnected from the server
Process exiting
Exiting without the bug reporter. Application will terminate with return code 0