Using pre-set license
Built from '2021.2/staging' branch; Version is '2021.2.7f1 (6bd9e232123f) revision 7068130'; Using compiler version '192829333'; Build Type 'Release'
OS: 'Windows 10  (10.0.19042) 64bit Core' Language: 'fr' Physical Memory: 8000 MB
BatchMode: 1, IsHumanControllingUs: 0, StartBugReporterOnCrash: 0, Is64bit: 1, IsPro: 0

COMMAND LINE ARGUMENTS:
C:\Program Files\Unity\Hub\Editor\2021.2.7f1\Editor\Unity.exe
-adb2
-batchMode
-noUpm
-name
AssetImportWorker11
-projectPath
C:/Users/amega/Desktop/3DJV cours/CardGameAR/CardGame
-logFile
Logs/AssetImportWorker11.log
-srvPort
55066
Successfully changed project path to: C:/Users/amega/Desktop/3DJV cours/CardGameAR/CardGame
C:/Users/amega/Desktop/3DJV cours/CardGameAR/CardGame
[UnityMemory] Configuration Parameters - Can be set up in boot.config
    "memorysetup-bucket-allocator-granularity=16"
    "memorysetup-bucket-allocator-bucket-count=8"
    "memorysetup-bucket-allocator-block-size=33554432"
    "memorysetup-bucket-allocator-block-count=8"
    "memorysetup-main-allocator-block-size=16777216"
    "memorysetup-thread-allocator-block-size=16777216"
    "memorysetup-gfx-main-allocator-block-size=16777216"
    "memorysetup-gfx-thread-allocator-block-size=16777216"
    "memorysetup-cache-allocator-block-size=4194304"
    "memorysetup-typetree-allocator-block-size=2097152"
    "memorysetup-profiler-bucket-allocator-granularity=16"
    "memorysetup-profiler-bucket-allocator-bucket-count=8"
    "memorysetup-profiler-bucket-allocator-block-size=33554432"
    "memorysetup-profiler-bucket-allocator-block-count=8"
    "memorysetup-profiler-allocator-block-size=16777216"
    "memorysetup-profiler-editor-allocator-block-size=1048576"
    "memorysetup-temp-allocator-size-main=16777216"
    "memorysetup-job-temp-allocator-block-size=2097152"
    "memorysetup-job-temp-allocator-block-size-background=1048576"
    "memorysetup-job-temp-allocator-reduction-small-platforms=262144"
    "memorysetup-temp-allocator-size-background-worker=32768"
    "memorysetup-temp-allocator-size-job-worker=262144"
    "memorysetup-temp-allocator-size-preload-manager=33554432"
    "memorysetup-temp-allocator-size-nav-mesh-worker=65536"
    "memorysetup-temp-allocator-size-audio-worker=65536"
    "memorysetup-temp-allocator-size-cloud-worker=32768"
    "memorysetup-temp-allocator-size-gi-baking-worker=262144"
    "memorysetup-temp-allocator-size-gfx=262144"
Refreshing native plugins compatible for Editor in 256.92 ms, found 3 plugins.
Preloading 0 native plugins for Editor in 0.00 ms.
Initialize engine version: 2021.2.7f1 (6bd9e232123f)
[Subsystems] Discovering subsystems at path C:/Program Files/Unity/Hub/Editor/2021.2.7f1/Editor/Data/Resources/UnitySubsystems
[Subsystems] Discovering subsystems at path C:/Users/amega/Desktop/3DJV cours/CardGameAR/CardGame/Assets
GfxDevice: creating device client; threaded=0; jobified=0
Direct3D:
    Version:  Direct3D 11.0 [level 11.1]
    Renderer: NVIDIA GeForce GTX 1050 (ID=0x1c8d)
    Vendor:   NVIDIA
    VRAM:     1977 MB
    Driver:   30.0.14.9733
Initialize mono
Mono path[0] = 'C:/Program Files/Unity/Hub/Editor/2021.2.7f1/Editor/Data/Managed'
Mono path[1] = 'C:/Program Files/Unity/Hub/Editor/2021.2.7f1/Editor/Data/MonoBleedingEdge/lib/mono/unityjit-win32'
Mono config path = 'C:/Program Files/Unity/Hub/Editor/2021.2.7f1/Editor/Data/MonoBleedingEdge/etc'
Using monoOptions --debugger-agent=transport=dt_socket,embedding=1,server=y,suspend=n,address=127.0.0.1:56848
Begin MonoManager ReloadAssembly
Registering precompiled unity dll's ...
Register platform support module: C:/Program Files/Unity/Hub/Editor/2021.2.7f1/Editor/Data/PlaybackEngines/WebGLSupport/UnityEditor.WebGL.Extensions.dll
Register platform support module: C:/Program Files/Unity/Hub/Editor/2021.2.7f1/Editor/Data/PlaybackEngines/WindowsStandaloneSupport/UnityEditor.WindowsStandalone.Extensions.dll
Registered in 0.093438 seconds.
Native extension for WindowsStandalone target not found
Native extension for WebGL target not found
Refreshing native plugins compatible for Editor in 383.43 ms, found 3 plugins.
Preloading 0 native plugins for Editor in 0.00 ms.
Mono: successfully reloaded assembly
- Completed reload, in  3.950 seconds
Domain Reload Profiling:
	ReloadAssembly (3952ms)
		BeginReloadAssembly (386ms)
			ExecutionOrderSort (0ms)
			DisableScriptedObjects (0ms)
			BackupInstance (0ms)
			ReleaseScriptingObjects (0ms)
			CreateAndSetChildDomain (4ms)
		EndReloadAssembly (2949ms)
			LoadAssemblies (367ms)
			RebuildTransferFunctionScriptingTraits (0ms)
			SetupTypeCache (661ms)
			ReleaseScriptCaches (0ms)
			RebuildScriptCaches (209ms)
			SetupLoadedEditorAssemblies (1767ms)
				LogAssemblyErrors (0ms)
				InitializePlatformSupportModulesInManaged (119ms)
				SetLoadedEditorAssemblies (1ms)
				RefreshPlugins (384ms)
				BeforeProcessingInitializeOnLoad (8ms)
				ProcessInitializeOnLoadAttributes (931ms)
				ProcessInitializeOnLoadMethodAttributes (324ms)
				AfterProcessingInitializeOnLoad (0ms)
				EditorAssembliesLoaded (1ms)
			ExecutionOrderSort2 (0ms)
			AwakeInstancesAfterBackupRestoration (0ms)
Platform modules already initialized, skipping
Registering precompiled user dll's ...
Registered in 0.076586 seconds.
Begin MonoManager ReloadAssembly
Symbol file LoadedFromMemory doesn't match image C:\Users\amega\Desktop\3DJV cours\CardGameAR\CardGame\Library\PackageCache\com.unity.visualscripting@1.7.6\Editor\VisualScripting.Core\Dependencies\YamlDotNet\Unity.VisualScripting.YamlDotNet.dll
Symbol file LoadedFromMemory doesn't match image C:\Users\amega\Desktop\3DJV cours\CardGameAR\CardGame\Library\PackageCache\com.unity.visualscripting@1.7.6\Editor\VisualScripting.Core\Dependencies\DotNetZip\Unity.VisualScripting.IonicZip.dll
Native extension for WindowsStandalone target not found
Native extension for WebGL target not found
Refreshing native plugins compatible for Editor in 1.11 ms, found 3 plugins.
Preloading 0 native plugins for Editor in 0.00 ms.
Mono: successfully reloaded assembly
- Completed reload, in  6.120 seconds
Domain Reload Profiling:
	ReloadAssembly (6124ms)
		BeginReloadAssembly (544ms)
			ExecutionOrderSort (0ms)
			DisableScriptedObjects (22ms)
			BackupInstance (0ms)
			ReleaseScriptingObjects (0ms)
			CreateAndSetChildDomain (58ms)
		EndReloadAssembly (4681ms)
			LoadAssemblies (1400ms)
			RebuildTransferFunctionScriptingTraits (0ms)
			SetupTypeCache (1338ms)
			ReleaseScriptCaches (1ms)
			RebuildScriptCaches (145ms)
			SetupLoadedEditorAssemblies (1679ms)
				LogAssemblyErrors (0ms)
				InitializePlatformSupportModulesInManaged (40ms)
				SetLoadedEditorAssemblies (1ms)
				RefreshPlugins (1ms)
				BeforeProcessingInitializeOnLoad (234ms)
				ProcessInitializeOnLoadAttributes (1078ms)
				ProcessInitializeOnLoadMethodAttributes (208ms)
				AfterProcessingInitializeOnLoad (116ms)
				EditorAssembliesLoaded (1ms)
			ExecutionOrderSort2 (0ms)
			AwakeInstancesAfterBackupRestoration (87ms)
Platform modules already initialized, skipping
========================================================================
Worker process is ready to serve import requests
Launched and connected shader compiler UnityShaderCompiler.exe after 0.34 seconds
Refreshing native plugins compatible for Editor in 1.80 ms, found 3 plugins.
Preloading 0 native plugins for Editor in 0.00 ms.
Unloading 3213 Unused Serialized files (Serialized files now loaded: 0)
Unloading 24 unused Assets / (55.7 KB). Loaded Objects now: 3671.
Memory consumption went from 111.7 MB to 111.7 MB.
Total: 11.636300 ms (FindLiveObjects: 0.500300 ms CreateObjectMapping: 0.465200 ms MarkObjects: 10.452100 ms  DeleteObjects: 0.215300 ms)

AssetImportParameters requested are different than current active one (requested -> active):
  custom:video-decoder-ogg-theora: a1e56fd34408186e4bbccfd4996cb3dc -> 
  custom:container-muxer-webm: aa71ff27fc2769a1b78a27578f13a17b -> 
  custom:container-demuxer-webm: 4f35f7cbe854078d1ac9338744f61a02 -> 
  custom:video-encoder-webm-vp8: eb34c28f22e8b96e1ab97ce403110664 -> 
  custom:video-codec-MediaFoundation-h265: 746d11721c4dcdbdad8f713fa42b33f4 -> 
  custom:audio-encoder-webm-vorbis: bf7c407c2cedff20999df2af8eb42d56 -> 
  custom:framework-win-MediaFoundation: 216162199b28c13a410421893ffa2e32 -> 
  custom:container-demuxer-ogg: 62fdf1f143b41e24485cea50d1cbac27 -> 
  custom:video-decoder-webm-vp8: 9c59270c3fd7afecdb556c50c9e8de78 -> 
  custom:audio-decoder-ogg-vorbis: bf7c407c2cedff20999df2af8eb42d56 -> 
========================================================================
Received Import Request.
  Time since last request: 457934.107959 seconds.
  path: Assets/Scenes
  artifactKey: Guid(6ea315d0fd7389c41b19996891e99ae3) Importer(815301076,1909f56bfc062723c751e8b465ee728b)
Start importing Assets/Scenes using Guid(6ea315d0fd7389c41b19996891e99ae3) Importer(815301076,1909f56bfc062723c751e8b465ee728b)  -> (artifact id: 'bc172811d573b296104adb4d2728db37') in 0.031412 seconds 
========================================================================
Received Prepare
Registering precompiled user dll's ...
Registered in 0.022707 seconds.
Begin MonoManager ReloadAssembly
Symbol file LoadedFromMemory doesn't match image C:\Users\amega\Desktop\3DJV cours\CardGameAR\CardGame\Library\PackageCache\com.unity.visualscripting@1.7.6\Editor\VisualScripting.Core\Dependencies\YamlDotNet\Unity.VisualScripting.YamlDotNet.dll
Symbol file LoadedFromMemory doesn't match image C:\Users\amega\Desktop\3DJV cours\CardGameAR\CardGame\Library\PackageCache\com.unity.visualscripting@1.7.6\Editor\VisualScripting.Core\Dependencies\DotNetZip\Unity.VisualScripting.IonicZip.dll
Native extension for WindowsStandalone target not found
Native extension for WebGL target not found
Refreshing native plugins compatible for Editor in 0.66 ms, found 3 plugins.
Preloading 0 native plugins for Editor in 0.00 ms.
Mono: successfully reloaded assembly
- Completed reload, in  6.727 seconds
Domain Reload Profiling:
	ReloadAssembly (6728ms)
		BeginReloadAssembly (2758ms)
			ExecutionOrderSort (0ms)
			DisableScriptedObjects (8ms)
			BackupInstance (0ms)
			ReleaseScriptingObjects (0ms)
			CreateAndSetChildDomain (63ms)
		EndReloadAssembly (3647ms)
			LoadAssemblies (3928ms)
			RebuildTransferFunctionScriptingTraits (0ms)
			SetupTypeCache (407ms)
			ReleaseScriptCaches (3ms)
			RebuildScriptCaches (54ms)
			SetupLoadedEditorAssemblies (1497ms)
				LogAssemblyErrors (0ms)
				InitializePlatformSupportModulesInManaged (17ms)
				SetLoadedEditorAssemblies (1ms)
				RefreshPlugins (1ms)
				BeforeProcessingInitializeOnLoad (78ms)
				ProcessInitializeOnLoadAttributes (909ms)
				ProcessInitializeOnLoadMethodAttributes (475ms)
				AfterProcessingInitializeOnLoad (17ms)
				EditorAssembliesLoaded (0ms)
			ExecutionOrderSort2 (0ms)
			AwakeInstancesAfterBackupRestoration (20ms)
Platform modules already initialized, skipping
Refreshing native plugins compatible for Editor in 0.64 ms, found 3 plugins.
Preloading 0 native plugins for Editor in 0.00 ms.
Unloading 3207 Unused Serialized files (Serialized files now loaded: 0)
Unloading 19 unused Assets / (24.6 KB). Loaded Objects now: 3674.
Memory consumption went from 111.5 MB to 111.5 MB.
Total: 10.068000 ms (FindLiveObjects: 0.398800 ms CreateObjectMapping: 1.982200 ms MarkObjects: 7.649200 ms  DeleteObjects: 0.036300 ms)

AssetImportParameters requested are different than current active one (requested -> active):
  custom:video-decoder-ogg-theora: a1e56fd34408186e4bbccfd4996cb3dc -> 
  custom:container-muxer-webm: aa71ff27fc2769a1b78a27578f13a17b -> 
  custom:container-demuxer-webm: 4f35f7cbe854078d1ac9338744f61a02 -> 
  custom:video-encoder-webm-vp8: eb34c28f22e8b96e1ab97ce403110664 -> 
  custom:video-codec-MediaFoundation-h265: 746d11721c4dcdbdad8f713fa42b33f4 -> 
  custom:audio-encoder-webm-vorbis: bf7c407c2cedff20999df2af8eb42d56 -> 
  custom:framework-win-MediaFoundation: 216162199b28c13a410421893ffa2e32 -> 
  custom:container-demuxer-ogg: 62fdf1f143b41e24485cea50d1cbac27 -> 
  custom:video-decoder-webm-vp8: 9c59270c3fd7afecdb556c50c9e8de78 -> 
  custom:audio-decoder-ogg-vorbis: bf7c407c2cedff20999df2af8eb42d56 -> 
========================================================================
Received Prepare
Registering precompiled user dll's ...
Registered in 0.098638 seconds.
Begin MonoManager ReloadAssembly
Symbol file LoadedFromMemory doesn't match image C:\Users\amega\Desktop\3DJV cours\CardGameAR\CardGame\Library\PackageCache\com.unity.visualscripting@1.7.6\Editor\VisualScripting.Core\Dependencies\YamlDotNet\Unity.VisualScripting.YamlDotNet.dll
Symbol file LoadedFromMemory doesn't match image C:\Users\amega\Desktop\3DJV cours\CardGameAR\CardGame\Library\PackageCache\com.unity.visualscripting@1.7.6\Editor\VisualScripting.Core\Dependencies\DotNetZip\Unity.VisualScripting.IonicZip.dll
Native extension for WindowsStandalone target not found
Native extension for WebGL target not found
Refreshing native plugins compatible for Editor in 0.71 ms, found 6 plugins.
Preloading 2 native plugins for Editor in 10.09 ms.
Package Manager log level set to [2]
[Package Manager] Server::Start -- Port 57087 was selected
[Package Manager] Cannot connect to Unity Package Manager local server
System.NullReferenceException: Object reference not set to an instance of an object
  at Vuforia.EditorClasses.ExtensionTypeProvider.GetVuforiaPackageAbsPath () [0x0004a] in <35d9c9f9151b4fc6be460d946ee94125>:0 
  at Vuforia.EditorClasses.ExtensionTypeProvider.IsPackageManager () [0x00000] in <35d9c9f9151b4fc6be460d946ee94125>:0 
  at Vuforia.EditorClasses.ExtensionTypeProvider.ResolvePluginType () [0x00009] in <35d9c9f9151b4fc6be460d946ee94125>:0 
  at Vuforia.EditorClasses.ExtensionTypeProvider.GetPluginType () [0x0000c] in <35d9c9f9151b4fc6be460d946ee94125>:0 
  at Vuforia.EditorClasses.VuforiaUtilities.IsVuforiaEnabledInPlayerSettings () [0x00000] in <35d9c9f9151b4fc6be460d946ee94125>:0 
  at VuforiaEnabledObserver..cctor () [0x00000] in <35d9c9f9151b4fc6be460d946ee94125>:0 
UnityEngine.StackTraceUtility:ExtractStackTrace ()
UnityEngine.DebugLogHandler:LogFormat (UnityEngine.LogType,UnityEngine.Object,string,object[])
UnityEngine.Logger:Log (UnityEngine.LogType,object)
UnityEngine.Debug:LogError (object)
UnityEditor.EditorAssemblies:ProcessInitializeOnLoadAttributes (System.Type[])

Mono: successfully reloaded assembly
- Completed reload, in  4.306 seconds
Domain Reload Profiling:
	ReloadAssembly (4306ms)
		BeginReloadAssembly (224ms)
			ExecutionOrderSort (0ms)
			DisableScriptedObjects (8ms)
			BackupInstance (0ms)
			ReleaseScriptingObjects (0ms)
			CreateAndSetChildDomain (53ms)
		EndReloadAssembly (3934ms)
			LoadAssemblies (164ms)
			RebuildTransferFunctionScriptingTraits (0ms)
			SetupTypeCache (346ms)
			ReleaseScriptCaches (1ms)
			RebuildScriptCaches (40ms)
			SetupLoadedEditorAssemblies (3347ms)
				LogAssemblyErrors (0ms)
				InitializePlatformSupportModulesInManaged (16ms)
				SetLoadedEditorAssemblies (1ms)
				RefreshPlugins (11ms)
				BeforeProcessingInitializeOnLoad (76ms)
				ProcessInitializeOnLoadAttributes (3186ms)
				ProcessInitializeOnLoadMethodAttributes (33ms)
				AfterProcessingInitializeOnLoad (24ms)
				EditorAssembliesLoaded (0ms)
			ExecutionOrderSort2 (0ms)
			AwakeInstancesAfterBackupRestoration (22ms)
Platform modules already initialized, skipping
Shader 'PointClouds/PointSplat': fallback shader 'PointClouds/PointSplatNoGeom' not found
Refreshing native plugins compatible for Editor in 1.16 ms, found 6 plugins.
Preloading 2 native plugins for Editor in 0.19 ms.
Unloading 3258 Unused Serialized files (Serialized files now loaded: 0)
Unloading 58 unused Assets / (1.1 MB). Loaded Objects now: 4016.
Memory consumption went from 116.2 MB to 115.0 MB.
Total: 3.371000 ms (FindLiveObjects: 0.293000 ms CreateObjectMapping: 0.204300 ms MarkObjects: 2.277900 ms  DeleteObjects: 0.594500 ms)

AssetImportParameters requested are different than current active one (requested -> active):
  custom:video-decoder-ogg-theora: a1e56fd34408186e4bbccfd4996cb3dc -> 
  custom:container-muxer-webm: aa71ff27fc2769a1b78a27578f13a17b -> 
  custom:container-demuxer-webm: 4f35f7cbe854078d1ac9338744f61a02 -> 
  custom:video-encoder-webm-vp8: eb34c28f22e8b96e1ab97ce403110664 -> 
  custom:video-codec-MediaFoundation-h265: 746d11721c4dcdbdad8f713fa42b33f4 -> 
  custom:audio-encoder-webm-vorbis: bf7c407c2cedff20999df2af8eb42d56 -> 
  custom:framework-win-MediaFoundation: 216162199b28c13a410421893ffa2e32 -> 
  custom:container-demuxer-ogg: 62fdf1f143b41e24485cea50d1cbac27 -> 
  custom:video-decoder-webm-vp8: 9c59270c3fd7afecdb556c50c9e8de78 -> 
  custom:audio-decoder-ogg-vorbis: bf7c407c2cedff20999df2af8eb42d56 -> 
========================================================================
Received Import Request.
  Time since last request: 698.773183 seconds.
  path: Assets/Resources/VuforiaConfiguration.asset
  artifactKey: Guid(36b804bfc6f20524db83e01965bf4075) Importer(815301076,1909f56bfc062723c751e8b465ee728b)
Start importing Assets/Resources/VuforiaConfiguration.asset using Guid(36b804bfc6f20524db83e01965bf4075) Importer(815301076,1909f56bfc062723c751e8b465ee728b)  -> (artifact id: '4d21ccb1a2b0e09d6628df0baf6a4b37') in 0.097607 seconds 
========================================================================
Received Import Request.
  Time since last request: 52.934911 seconds.
  path: Assets/Resources
  artifactKey: Guid(7c3541c2bf31dd946b5c37d34fb545e2) Importer(815301076,1909f56bfc062723c751e8b465ee728b)
Start importing Assets/Resources using Guid(7c3541c2bf31dd946b5c37d34fb545e2) Importer(815301076,1909f56bfc062723c751e8b465ee728b)  -> (artifact id: '504def2d8aa7efb32985dd3ca0c6e0f0') in 0.006975 seconds 
========================================================================
Received Import Request.
  Time since last request: 8.500741 seconds.
  path: Assets/Resources/VuforiaConfiguration.asset
  artifactKey: Guid(36b804bfc6f20524db83e01965bf4075) Importer(815301076,1909f56bfc062723c751e8b465ee728b)
Start importing Assets/Resources/VuforiaConfiguration.asset using Guid(36b804bfc6f20524db83e01965bf4075) Importer(815301076,1909f56bfc062723c751e8b465ee728b)  -> (artifact id: '09cb96763fb155aa6d60c91aacc09985') in 0.020790 seconds 
========================================================================
Received Import Request.
  Time since last request: 1914.534645 seconds.
  path: Assets/Prefabs
  artifactKey: Guid(1f17b121cd6d9ba42a93e230d2f885a1) Importer(815301076,1909f56bfc062723c751e8b465ee728b)
Start importing Assets/Prefabs using Guid(1f17b121cd6d9ba42a93e230d2f885a1) Importer(815301076,1909f56bfc062723c751e8b465ee728b)  -> (artifact id: '796e0f8c0dba1a5ff2880c81185c21b4') in 0.016691 seconds 
========================================================================
Received Prepare
Registering precompiled user dll's ...
Registered in 0.025953 seconds.
Begin MonoManager ReloadAssembly
Symbol file LoadedFromMemory doesn't match image C:\Users\amega\Desktop\3DJV cours\CardGameAR\CardGame\Library\PackageCache\com.unity.visualscripting@1.7.6\Editor\VisualScripting.Core\Dependencies\YamlDotNet\Unity.VisualScripting.YamlDotNet.dll
Symbol file LoadedFromMemory doesn't match image C:\Users\amega\Desktop\3DJV cours\CardGameAR\CardGame\Library\PackageCache\com.unity.visualscripting@1.7.6\Editor\VisualScripting.Core\Dependencies\DotNetZip\Unity.VisualScripting.IonicZip.dll
Native extension for WindowsStandalone target not found
Native extension for WebGL target not found
Refreshing native plugins compatible for Editor in 1.16 ms, found 6 plugins.
Preloading 2 native plugins for Editor in 0.26 ms.
Mono: successfully reloaded assembly
- Completed reload, in  3.267 seconds
Domain Reload Profiling:
	ReloadAssembly (3269ms)
		BeginReloadAssembly (643ms)
			ExecutionOrderSort (0ms)
			DisableScriptedObjects (42ms)
			BackupInstance (0ms)
			ReleaseScriptingObjects (0ms)
			CreateAndSetChildDomain (263ms)
		EndReloadAssembly (2437ms)
			LoadAssemblies (208ms)
			RebuildTransferFunctionScriptingTraits (0ms)
			SetupTypeCache (499ms)
			ReleaseScriptCaches (1ms)
			RebuildScriptCaches (46ms)
			SetupLoadedEditorAssemblies (1671ms)
				LogAssemblyErrors (0ms)
				InitializePlatformSupportModulesInManaged (23ms)
				SetLoadedEditorAssemblies (2ms)
				RefreshPlugins (2ms)
				BeforeProcessingInitializeOnLoad (132ms)
				ProcessInitializeOnLoadAttributes (1436ms)
				ProcessInitializeOnLoadMethodAttributes (58ms)
				AfterProcessingInitializeOnLoad (18ms)
				EditorAssembliesLoaded (0ms)
			ExecutionOrderSort2 (0ms)
			AwakeInstancesAfterBackupRestoration (17ms)
Platform modules already initialized, skipping
Refreshing native plugins compatible for Editor in 2.48 ms, found 6 plugins.
Preloading 2 native plugins for Editor in 0.69 ms.
Unloading 3257 Unused Serialized files (Serialized files now loaded: 0)
Unloading 59 unused Assets / (1.2 MB). Loaded Objects now: 4018.
Memory consumption went from 116.1 MB to 114.9 MB.
Total: 11.806200 ms (FindLiveObjects: 0.617600 ms CreateObjectMapping: 0.633400 ms MarkObjects: 8.687700 ms  DeleteObjects: 1.864900 ms)

AssetImportParameters requested are different than current active one (requested -> active):
  custom:video-decoder-ogg-theora: a1e56fd34408186e4bbccfd4996cb3dc -> 
  custom:container-muxer-webm: aa71ff27fc2769a1b78a27578f13a17b -> 
  custom:container-demuxer-webm: 4f35f7cbe854078d1ac9338744f61a02 -> 
  custom:video-encoder-webm-vp8: eb34c28f22e8b96e1ab97ce403110664 -> 
  custom:video-codec-MediaFoundation-h265: 746d11721c4dcdbdad8f713fa42b33f4 -> 
  custom:audio-encoder-webm-vorbis: bf7c407c2cedff20999df2af8eb42d56 -> 
  custom:framework-win-MediaFoundation: 216162199b28c13a410421893ffa2e32 -> 
  custom:container-demuxer-ogg: 62fdf1f143b41e24485cea50d1cbac27 -> 
  custom:video-decoder-webm-vp8: 9c59270c3fd7afecdb556c50c9e8de78 -> 
  custom:audio-decoder-ogg-vorbis: bf7c407c2cedff20999df2af8eb42d56 -> 
========================================================================
Received Prepare
Registering precompiled user dll's ...
Registered in 0.023781 seconds.
Begin MonoManager ReloadAssembly
Symbol file LoadedFromMemory doesn't match image C:\Users\amega\Desktop\3DJV cours\CardGameAR\CardGame\Library\PackageCache\com.unity.visualscripting@1.7.6\Editor\VisualScripting.Core\Dependencies\YamlDotNet\Unity.VisualScripting.YamlDotNet.dll
Symbol file LoadedFromMemory doesn't match image C:\Users\amega\Desktop\3DJV cours\CardGameAR\CardGame\Library\PackageCache\com.unity.visualscripting@1.7.6\Editor\VisualScripting.Core\Dependencies\DotNetZip\Unity.VisualScripting.IonicZip.dll
Native extension for WindowsStandalone target not found
Native extension for WebGL target not found
Refreshing native plugins compatible for Editor in 2.49 ms, found 6 plugins.
Preloading 2 native plugins for Editor in 0.31 ms.
Mono: successfully reloaded assembly
- Completed reload, in  2.181 seconds
Domain Reload Profiling:
	ReloadAssembly (2183ms)
		BeginReloadAssembly (177ms)
			ExecutionOrderSort (0ms)
			DisableScriptedObjects (7ms)
			BackupInstance (0ms)
			ReleaseScriptingObjects (0ms)
			CreateAndSetChildDomain (45ms)
		EndReloadAssembly (1865ms)
			LoadAssemblies (118ms)
			RebuildTransferFunctionScriptingTraits (0ms)
			SetupTypeCache (419ms)
			ReleaseScriptCaches (2ms)
			RebuildScriptCaches (76ms)
			SetupLoadedEditorAssemblies (1149ms)
				LogAssemblyErrors (0ms)
				InitializePlatformSupportModulesInManaged (30ms)
				SetLoadedEditorAssemblies (1ms)
				RefreshPlugins (3ms)
				BeforeProcessingInitializeOnLoad (116ms)
				ProcessInitializeOnLoadAttributes (937ms)
				ProcessInitializeOnLoadMethodAttributes (45ms)
				AfterProcessingInitializeOnLoad (17ms)
				EditorAssembliesLoaded (0ms)
			ExecutionOrderSort2 (0ms)
			AwakeInstancesAfterBackupRestoration (14ms)
Platform modules already initialized, skipping
Refreshing native plugins compatible for Editor in 1.56 ms, found 6 plugins.
Preloading 2 native plugins for Editor in 0.26 ms.
Unloading 3257 Unused Serialized files (Serialized files now loaded: 0)
Unloading 58 unused Assets / (1.1 MB). Loaded Objects now: 4020.
Memory consumption went from 116.1 MB to 114.9 MB.
Total: 10.044400 ms (FindLiveObjects: 0.566400 ms CreateObjectMapping: 0.455100 ms MarkObjects: 6.299500 ms  DeleteObjects: 2.721600 ms)

AssetImportParameters requested are different than current active one (requested -> active):
  custom:video-decoder-ogg-theora: a1e56fd34408186e4bbccfd4996cb3dc -> 
  custom:container-muxer-webm: aa71ff27fc2769a1b78a27578f13a17b -> 
  custom:container-demuxer-webm: 4f35f7cbe854078d1ac9338744f61a02 -> 
  custom:video-encoder-webm-vp8: eb34c28f22e8b96e1ab97ce403110664 -> 
  custom:video-codec-MediaFoundation-h265: 746d11721c4dcdbdad8f713fa42b33f4 -> 
  custom:audio-encoder-webm-vorbis: bf7c407c2cedff20999df2af8eb42d56 -> 
  custom:framework-win-MediaFoundation: 216162199b28c13a410421893ffa2e32 -> 
  custom:container-demuxer-ogg: 62fdf1f143b41e24485cea50d1cbac27 -> 
  custom:video-decoder-webm-vp8: 9c59270c3fd7afecdb556c50c9e8de78 -> 
  custom:audio-decoder-ogg-vorbis: bf7c407c2cedff20999df2af8eb42d56 -> 
========================================================================
Received Import Request.
  Time since last request: 1823.057601 seconds.
  path: Assets/Script
  artifactKey: Guid(60beff22e9f2f824bb1e9346a614d8aa) Importer(815301076,1909f56bfc062723c751e8b465ee728b)
Start importing Assets/Script using Guid(60beff22e9f2f824bb1e9346a614d8aa) Importer(815301076,1909f56bfc062723c751e8b465ee728b)  -> (artifact id: 'a2415909f0ba2830c18c937291509c0e') in 0.014739 seconds 
========================================================================
Received Import Request.
  Time since last request: 522.740509 seconds.
  path: Assets/Prefabs/Cards
  artifactKey: Guid(c74e17d2106c96a4793ab54f0238787f) Importer(815301076,1909f56bfc062723c751e8b465ee728b)
Start importing Assets/Prefabs/Cards using Guid(c74e17d2106c96a4793ab54f0238787f) Importer(815301076,1909f56bfc062723c751e8b465ee728b)  -> (artifact id: '369477a7fb7509dc94e209c795f921a8') in 0.006646 seconds 
========================================================================
Received Import Request.
  Time since last request: 94.108112 seconds.
  path: Assets/Prefabs/Cards/Attack
  artifactKey: Guid(7388fee362ba51548b1c8a4ddc17dbcd) Importer(815301076,1909f56bfc062723c751e8b465ee728b)
Start importing Assets/Prefabs/Cards/Attack using Guid(7388fee362ba51548b1c8a4ddc17dbcd) Importer(815301076,1909f56bfc062723c751e8b465ee728b)  -> (artifact id: '2567c861d9c56f9c2e55866b12c65b53') in 0.006587 seconds 
========================================================================
Received Import Request.
  Time since last request: 6.478376 seconds.
  path: Assets/Prefabs/Cards/Defense
  artifactKey: Guid(13146a8b853eb274e99bd932294dc1b5) Importer(815301076,1909f56bfc062723c751e8b465ee728b)
Start importing Assets/Prefabs/Cards/Defense using Guid(13146a8b853eb274e99bd932294dc1b5) Importer(815301076,1909f56bfc062723c751e8b465ee728b)  -> (artifact id: 'c9510e478917d4929532a78aa5064cd4') in 0.018697 seconds 
========================================================================
Received Import Request.
  Time since last request: 5.983673 seconds.
  path: Assets/Prefabs/Cards/Soin
  artifactKey: Guid(cc0bd7f276170c84f8f0137a297711d9) Importer(815301076,1909f56bfc062723c751e8b465ee728b)
Start importing Assets/Prefabs/Cards/Soin using Guid(cc0bd7f276170c84f8f0137a297711d9) Importer(815301076,1909f56bfc062723c751e8b465ee728b)  -> (artifact id: '64efb9da684022dad96e697e4a674ba1') in 0.010505 seconds 
========================================================================
Received Import Request.
  Time since last request: 5.720011 seconds.
  path: Assets/Prefabs/Cards/Attack/Card Attack 1.prefab
  artifactKey: Guid(d83a0277e2e09104b9ec499656ed52fe) Importer(815301076,1909f56bfc062723c751e8b465ee728b)
Start importing Assets/Prefabs/Cards/Attack/Card Attack 1.prefab using Guid(d83a0277e2e09104b9ec499656ed52fe) Importer(815301076,1909f56bfc062723c751e8b465ee728b)  -> (artifact id: '0579a1e64c7194e63cdef789a4261844') in 0.714679 seconds 
========================================================================
Received Import Request.
  Time since last request: 15.960534 seconds.
  path: Assets/Prefabs/Cards/Attack/Card Attack 1 bis.prefab
  artifactKey: Guid(5012c8319abb284458b80efd41fac365) Importer(815301076,1909f56bfc062723c751e8b465ee728b)
Start importing Assets/Prefabs/Cards/Attack/Card Attack 1 bis.prefab using Guid(5012c8319abb284458b80efd41fac365) Importer(815301076,1909f56bfc062723c751e8b465ee728b)  -> (artifact id: '7802d2635824284fa63b1a5535cfacde') in 0.019494 seconds 
========================================================================
Received Import Request.
  Time since last request: 0.013062 seconds.
  path: Assets/Prefabs/Cards/Attack/Card Attack 2 bis.prefab
  artifactKey: Guid(c27fa05e898145e49896d1e884e0ff23) Importer(815301076,1909f56bfc062723c751e8b465ee728b)
Start importing Assets/Prefabs/Cards/Attack/Card Attack 2 bis.prefab using Guid(c27fa05e898145e49896d1e884e0ff23) Importer(815301076,1909f56bfc062723c751e8b465ee728b)  -> (artifact id: 'df0444a63ce75038f2accc0422a0c6a1') in 0.032124 seconds 
========================================================================
Received Import Request.
  Time since last request: 10.141273 seconds.
  path: Assets/Prefabs/Cards/Defense/Card Def 2.prefab
  artifactKey: Guid(db82263c98cdd864dbb7299b31f397a5) Importer(815301076,1909f56bfc062723c751e8b465ee728b)
Start importing Assets/Prefabs/Cards/Defense/Card Def 2.prefab using Guid(db82263c98cdd864dbb7299b31f397a5) Importer(815301076,1909f56bfc062723c751e8b465ee728b)  -> (artifact id: 'c087d949b031560a85820c3c8816fcf5') in 0.066439 seconds 
========================================================================
Received Import Request.
  Time since last request: 0.000032 seconds.
  path: Assets/Prefabs/Cards/Defense/Card Def 3.prefab
  artifactKey: Guid(fa66d988e4c8c9a42b766310d8f03052) Importer(815301076,1909f56bfc062723c751e8b465ee728b)
Start importing Assets/Prefabs/Cards/Defense/Card Def 3.prefab using Guid(fa66d988e4c8c9a42b766310d8f03052) Importer(815301076,1909f56bfc062723c751e8b465ee728b)  -> (artifact id: '5205872c2bef616397ea4ddf98fa9d0a') in 0.033745 seconds 
========================================================================
Received Import Request.
  Time since last request: 3.151323 seconds.
  path: Assets/Prefabs/Cards/Defense/Card Def 1 bis.prefab
  artifactKey: Guid(14522318932cf5847870de1c75394c11) Importer(815301076,1909f56bfc062723c751e8b465ee728b)
Start importing Assets/Prefabs/Cards/Defense/Card Def 1 bis.prefab using Guid(14522318932cf5847870de1c75394c11) Importer(815301076,1909f56bfc062723c751e8b465ee728b)  -> (artifact id: '75a6f108cb24df305bc4a7d16b961267') in 0.019975 seconds 
========================================================================
Received Import Request.
  Time since last request: 0.009728 seconds.
  path: Assets/Prefabs/Cards/Defense/Card Def 2 bis.prefab
  artifactKey: Guid(b742189ae4221994d876b2fb94dafd80) Importer(815301076,1909f56bfc062723c751e8b465ee728b)
Start importing Assets/Prefabs/Cards/Defense/Card Def 2 bis.prefab using Guid(b742189ae4221994d876b2fb94dafd80) Importer(815301076,1909f56bfc062723c751e8b465ee728b)  -> (artifact id: '06a310b0e4cf9cdd25250f153e0f90cc') in 0.024216 seconds 
========================================================================
Received Import Request.
  Time since last request: 11.775569 seconds.
  path: Assets/Prefabs/Cards/Soin/Card Soin 2.prefab
  artifactKey: Guid(ee0279755fee3894d80da53473044990) Importer(815301076,1909f56bfc062723c751e8b465ee728b)
Start importing Assets/Prefabs/Cards/Soin/Card Soin 2.prefab using Guid(ee0279755fee3894d80da53473044990) Importer(815301076,1909f56bfc062723c751e8b465ee728b)  -> (artifact id: '078b7cc817374309d751bf02edf0bb2a') in 0.017895 seconds 
========================================================================
Received Import Request.
  Time since last request: 0.000023 seconds.
  path: Assets/Prefabs/Cards/Soin/Card Soin 3.prefab
  artifactKey: Guid(dc090d52e22b6fa4bb85f072aba4e237) Importer(815301076,1909f56bfc062723c751e8b465ee728b)
Start importing Assets/Prefabs/Cards/Soin/Card Soin 3.prefab using Guid(dc090d52e22b6fa4bb85f072aba4e237) Importer(815301076,1909f56bfc062723c751e8b465ee728b)  -> (artifact id: '25a0759ffb393522367c78a6da8d479a') in 0.024066 seconds 
========================================================================
Received Import Request.
  Time since last request: 4.358435 seconds.
  path: Assets/Prefabs/Cards/Soin/Card Soin 1 bis.prefab
  artifactKey: Guid(b5372b645aaa99344ab305a95dd2ecd0) Importer(815301076,1909f56bfc062723c751e8b465ee728b)
Start importing Assets/Prefabs/Cards/Soin/Card Soin 1 bis.prefab using Guid(b5372b645aaa99344ab305a95dd2ecd0) Importer(815301076,1909f56bfc062723c751e8b465ee728b)  -> (artifact id: '1bd83ee2a4fb4722320a03a27f25b07c') in 0.022140 seconds 
